Flow report for Card_B_Design
Wed Jul 10 11:51:45 2024
Quartus Prime Version 22.1std.0 Build 915 10/25/2022 SC Lite Edition


---------------------
; Table of Contents ;
---------------------
  1. Legal Notice
  2. Flow Summary
  3. Flow Settings
  4. Flow Non-Default Global Settings
  5. Flow Elapsed Time
  6. Flow OS Summary
  7. Flow Log
  8. Flow Messages
  9. Flow Suppressed Messages



----------------
; Legal Notice ;
----------------
Copyright (C) 2022  Intel Corporation. All rights reserved.
Your use of Intel Corporation's design tools, logic functions 
and other software and tools, and any partner logic 
functions, and any output files from any of the foregoing 
(including device programming or simulation files), and any 
associated documentation or information are expressly subject 
to the terms and conditions of the Intel Program License 
Subscription Agreement, the Intel Quartus Prime License Agreement,
the Intel FPGA IP License Agreement, or other applicable license
agreement, including, without limitation, that your use is for
the sole purpose of programming logic devices manufactured by
Intel and sold by Intel or its authorized distributors.  Please
refer to the applicable agreement for further details, at
https://fpgasoftware.intel.com/eula.



+-------------------------------------------------------------------------------------+
; Flow Summary                                                                        ;
+------------------------------------+------------------------------------------------+
; Flow Status                        ; Successful - Wed Jul 10 11:51:45 2024          ;
; Quartus Prime Version              ; 22.1std.0 Build 915 10/25/2022 SC Lite Edition ;
; Revision Name                      ; Card_B_Design                                  ;
; Top-level Entity Name              ; Card_B_Design                                  ;
; Family                             ; MAX 10                                         ;
; Device                             ; 10M50DAF484C7G                                 ;
; Timing Models                      ; Final                                          ;
; Total logic elements               ; 961 / 49,760 ( 2 % )                           ;
;     Total combinational functions  ; 704 / 49,760 ( 1 % )                           ;
;     Dedicated logic registers      ; 780 / 49,760 ( 2 % )                           ;
; Total registers                    ; 780                                            ;
; Total pins                         ; 7 / 360 ( 2 % )                                ;
; Total virtual pins                 ; 0                                              ;
; Total memory bits                  ; 0 / 1,677,312 ( 0 % )                          ;
; Embedded Multiplier 9-bit elements ; 0 / 288 ( 0 % )                                ;
; Total PLLs                         ; 0 / 4 ( 0 % )                                  ;
; UFM blocks                         ; 0 / 1 ( 0 % )                                  ;
; ADC blocks                         ; 0 / 2 ( 0 % )                                  ;
+------------------------------------+------------------------------------------------+


+-----------------------------------------+
; Flow Settings                           ;
+-------------------+---------------------+
; Option            ; Setting             ;
+-------------------+---------------------+
; Start date & time ; 07/10/2024 11:51:19 ;
; Main task         ; Compilation         ;
; Revision Name     ; Card_B_Design       ;
+-------------------+---------------------+


+----------------------------------------------------------------------------------------------------------------------------------------------+
; Flow Non-Default Global Settings                                                                                                             ;
+-------------------------------------+---------------------------------------------------------+---------------+-------------+----------------+
; Assignment Name                     ; Value                                                   ; Default Value ; Entity Name ; Section Id     ;
+-------------------------------------+---------------------------------------------------------+---------------+-------------+----------------+
; COMPILER_SIGNATURE_ID               ; 130071501961069.172060147901632                         ; --            ; --          ; --             ;
; EDA_NETLIST_WRITER_OUTPUT_DIR       ; C:/Final_Project/The_Final_Project/Card_B/Card_B_Design ; --            ; --          ; eda_simulation ;
; EDA_OUTPUT_DATA_FORMAT              ; Vhdl                                                    ; --            ; --          ; eda_simulation ;
; EDA_SIMULATION_TOOL                 ; Questa Intel FPGA (VHDL)                                ; <None>        ; --          ; --             ;
; EDA_TIME_SCALE                      ; 1 ps                                                    ; --            ; --          ; eda_simulation ;
; MAX_CORE_JUNCTION_TEMP              ; 85                                                      ; --            ; --          ; --             ;
; MIN_CORE_JUNCTION_TEMP              ; 0                                                       ; --            ; --          ; --             ;
; MISC_FILE                           ; ../../Card_A/Rom_X/Rom_X.bsf                            ; --            ; --          ; --             ;
; MISC_FILE                           ; ../../Card_A/Rom_X/Rom_X_inst.v                         ; --            ; --          ; --             ;
; MISC_FILE                           ; ../../Card_A/Rom_X/Rom_X_bb.v                           ; --            ; --          ; --             ;
; MISC_FILE                           ; ../../Card_A/Rom_X/Rom_X.inc                            ; --            ; --          ; --             ;
; MISC_FILE                           ; ../../Card_A/Rom_X/Rom_X.cmp                            ; --            ; --          ; --             ;
; MISC_FILE                           ; ../../Card_A/Ram2_X/Ram2_X.bsf                          ; --            ; --          ; --             ;
; MISC_FILE                           ; ../../Card_A/Ram2_X/Ram2_X_inst.v                       ; --            ; --          ; --             ;
; MISC_FILE                           ; ../../Card_A/Ram2_X/Ram2_X_bb.v                         ; --            ; --          ; --             ;
; MISC_FILE                           ; ../../Card_A/Ram2_X/Ram2_X.inc                          ; --            ; --          ; --             ;
; MISC_FILE                           ; ../../Card_A/Ram2_X/Ram2_X.cmp                          ; --            ; --          ; --             ;
; MISC_FILE                           ; ../../Tools/BiPhase_Generator/Rom_G/Rom_G.bsf           ; --            ; --          ; --             ;
; MISC_FILE                           ; ../../Tools/BiPhase_Generator/Rom_G/Rom_G_inst.v        ; --            ; --          ; --             ;
; MISC_FILE                           ; ../../Tools/BiPhase_Generator/Rom_G/Rom_G_bb.v          ; --            ; --          ; --             ;
; MISC_FILE                           ; ../../Tools/BiPhase_Generator/Rom_G/Rom_G.inc           ; --            ; --          ; --             ;
; MISC_FILE                           ; ../../Tools/BiPhase_Generator/Rom_G/Rom_G.cmp           ; --            ; --          ; --             ;
; NUM_PARALLEL_PROCESSORS             ; 4                                                       ; --            ; --          ; --             ;
; OUTPUT_IO_TIMING_FAR_END_VMEAS      ; Half Signal Swing                                       ; --            ; --          ; --             ;
; OUTPUT_IO_TIMING_FAR_END_VMEAS      ; Half Signal Swing                                       ; --            ; --          ; --             ;
; OUTPUT_IO_TIMING_NEAR_END_VMEAS     ; Half Vccio                                              ; --            ; --          ; --             ;
; OUTPUT_IO_TIMING_NEAR_END_VMEAS     ; Half Vccio                                              ; --            ; --          ; --             ;
; PARTITION_COLOR                     ; -- (Not supported for targeted family)                  ; --            ; --          ; Top            ;
; PARTITION_FITTER_PRESERVATION_LEVEL ; -- (Not supported for targeted family)                  ; --            ; --          ; Top            ;
; PARTITION_NETLIST_TYPE              ; -- (Not supported for targeted family)                  ; --            ; --          ; Top            ;
; POWER_BOARD_THERMAL_MODEL           ; None (CONSERVATIVE)                                     ; --            ; --          ; --             ;
; POWER_PRESET_COOLING_SOLUTION       ; 23 MM HEAT SINK WITH 200 LFPM AIRFLOW                   ; --            ; --          ; --             ;
; PROJECT_OUTPUT_DIRECTORY            ; output_files                                            ; --            ; --          ; --             ;
+-------------------------------------+---------------------------------------------------------+---------------+-------------+----------------+


+--------------------------------------------------------------------------------------------------------------------------+
; Flow Elapsed Time                                                                                                        ;
+----------------------+--------------+-------------------------+---------------------+------------------------------------+
; Module Name          ; Elapsed Time ; Average Processors Used ; Peak Virtual Memory ; Total CPU Time (on all processors) ;
+----------------------+--------------+-------------------------+---------------------+------------------------------------+
; Analysis & Synthesis ; 00:00:09     ; 1.0                     ; 4801 MB             ; 00:00:17                           ;
; Fitter               ; 00:00:07     ; 1.1                     ; 5649 MB             ; 00:00:10                           ;
; Assembler            ; 00:00:02     ; 1.0                     ; 4727 MB             ; 00:00:02                           ;
; Timing Analyzer      ; 00:00:02     ; 1.2                     ; 4840 MB             ; 00:00:03                           ;
; EDA Netlist Writer   ; 00:00:01     ; 1.0                     ; 4651 MB             ; 00:00:01                           ;
; Total                ; 00:00:21     ; --                      ; --                  ; 00:00:33                           ;
+----------------------+--------------+-------------------------+---------------------+------------------------------------+


+------------------------------------------------------------------------------------+
; Flow OS Summary                                                                    ;
+----------------------+------------------+------------+------------+----------------+
; Module Name          ; Machine Hostname ; OS Name    ; OS Version ; Processor type ;
+----------------------+------------------+------------+------------+----------------+
; Analysis & Synthesis ; DESKTOP-GFOBHGS  ; Windows 10 ; 10.0       ; x86_64         ;
; Fitter               ; DESKTOP-GFOBHGS  ; Windows 10 ; 10.0       ; x86_64         ;
; Assembler            ; DESKTOP-GFOBHGS  ; Windows 10 ; 10.0       ; x86_64         ;
; Timing Analyzer      ; DESKTOP-GFOBHGS  ; Windows 10 ; 10.0       ; x86_64         ;
; EDA Netlist Writer   ; DESKTOP-GFOBHGS  ; Windows 10 ; 10.0       ; x86_64         ;
+----------------------+------------------+------------+------------+----------------+


------------
; Flow Log ;
------------
quartus_map --read_settings_files=on --write_settings_files=off Card_B_Design -c Card_B_Design
quartus_fit --read_settings_files=off --write_settings_files=off Card_B_Design -c Card_B_Design
quartus_asm --read_settings_files=off --write_settings_files=off Card_B_Design -c Card_B_Design
quartus_sta Card_B_Design -c Card_B_Design
quartus_eda --read_settings_files=off --write_settings_files=off Card_B_Design -c Card_B_Design



