Analysis & Synthesis report for Card_A_Design
Tue Sep 19 15:26:37 2023
Quartus Prime Version 22.1std.0 Build 915 10/25/2022 SC Lite Edition


---------------------
; Table of Contents ;
---------------------
  1. Legal Notice
  2. Analysis & Synthesis Summary
  3. Analysis & Synthesis Settings
  4. Parallel Compilation
  5. Analysis & Synthesis Source Files Read
  6. Analysis & Synthesis Resource Usage Summary
  7. Analysis & Synthesis Resource Utilization by Entity
  8. Analysis & Synthesis RAM Summary
  9. Analysis & Synthesis IP Cores Summary
 10. State Machine - |Card_A_Design|Uart_rx:rx|state_rx
 11. State Machine - |Card_A_Design|Uart_tx_Rom:tx|state_tx
 12. State Machine - |Card_A_Design|BiPhase_tx:biphase|state_mini
 13. State Machine - |Card_A_Design|BiPhase_tx:biphase|state_bi
 14. Registers Removed During Synthesis
 15. Removed Registers Triggering Further Register Optimizations
 16. General Register Statistics
 17. Inverted Register Statistics
 18. Multiplexer Restructuring Statistics (Restructuring Performed)
 19. Source assignments for Uart_tx_Rom:tx|Rom_X:dut|altsyncram:altsyncram_component|altsyncram_pt81:auto_generated
 20. Source assignments for Ram2_X:memory|altsyncram:altsyncram_component|altsyncram_64s1:auto_generated
 21. Parameter Settings for User Entity Instance: Uart_tx_Rom:tx|Rom_X:dut|altsyncram:altsyncram_component
 22. Parameter Settings for User Entity Instance: Ram2_X:memory|altsyncram:altsyncram_component
 23. altsyncram Parameter Settings by Entity Instance
 24. Post-Synthesis Netlist Statistics for Top Partition
 25. Elapsed Time Per Partition
 26. Analysis & Synthesis Messages



----------------
; Legal Notice ;
----------------
Copyright (C) 2022  Intel Corporation. All rights reserved.
Your use of Intel Corporation's design tools, logic functions 
and other software and tools, and any partner logic 
functions, and any output files from any of the foregoing 
(including device programming or simulation files), and any 
associated documentation or information are expressly subject 
to the terms and conditions of the Intel Program License 
Subscription Agreement, the Intel Quartus Prime License Agreement,
the Intel FPGA IP License Agreement, or other applicable license
agreement, including, without limitation, that your use is for
the sole purpose of programming logic devices manufactured by
Intel and sold by Intel or its authorized distributors.  Please
refer to the applicable agreement for further details, at
https://fpgasoftware.intel.com/eula.



+-------------------------------------------------------------------------------------+
; Analysis & Synthesis Summary                                                        ;
+------------------------------------+------------------------------------------------+
; Analysis & Synthesis Status        ; Successful - Tue Sep 19 15:26:37 2023          ;
; Quartus Prime Version              ; 22.1std.0 Build 915 10/25/2022 SC Lite Edition ;
; Revision Name                      ; Card_A_Design                                  ;
; Top-level Entity Name              ; Card_A_Design                                  ;
; Family                             ; MAX 10                                         ;
; Total logic elements               ; 246                                            ;
;     Total combinational functions  ; 193                                            ;
;     Dedicated logic registers      ; 186                                            ;
; Total registers                    ; 186                                            ;
; Total pins                         ; 3                                              ;
; Total virtual pins                 ; 0                                              ;
; Total memory bits                  ; 768                                            ;
; Embedded Multiplier 9-bit elements ; 0                                              ;
; Total PLLs                         ; 0                                              ;
; UFM blocks                         ; 0                                              ;
; ADC blocks                         ; 0                                              ;
+------------------------------------+------------------------------------------------+


+------------------------------------------------------------------------------------------------------------+
; Analysis & Synthesis Settings                                                                              ;
+------------------------------------------------------------------+--------------------+--------------------+
; Option                                                           ; Setting            ; Default Value      ;
+------------------------------------------------------------------+--------------------+--------------------+
; Device                                                           ; 10M50DAF484C7G     ;                    ;
; Top-level entity name                                            ; Card_A_Design      ; Card_A_Design      ;
; Family name                                                      ; MAX 10             ; Cyclone V          ;
; Maximum processors allowed for parallel compilation              ; 4                  ;                    ;
; Use smart compilation                                            ; Off                ; Off                ;
; Enable parallel Assembler and Timing Analyzer during compilation ; On                 ; On                 ;
; Enable compact report table                                      ; Off                ; Off                ;
; Restructure Multiplexers                                         ; Auto               ; Auto               ;
; Create Debugging Nodes for IP Cores                              ; Off                ; Off                ;
; Preserve fewer node names                                        ; On                 ; On                 ;
; Intel FPGA IP Evaluation Mode                                    ; Enable             ; Enable             ;
; Verilog Version                                                  ; Verilog_2001       ; Verilog_2001       ;
; VHDL Version                                                     ; VHDL_1993          ; VHDL_1993          ;
; State Machine Processing                                         ; Auto               ; Auto               ;
; Safe State Machine                                               ; Off                ; Off                ;
; Extract Verilog State Machines                                   ; On                 ; On                 ;
; Extract VHDL State Machines                                      ; On                 ; On                 ;
; Ignore Verilog initial constructs                                ; Off                ; Off                ;
; Iteration limit for constant Verilog loops                       ; 5000               ; 5000               ;
; Iteration limit for non-constant Verilog loops                   ; 250                ; 250                ;
; Add Pass-Through Logic to Inferred RAMs                          ; On                 ; On                 ;
; Infer RAMs from Raw Logic                                        ; On                 ; On                 ;
; Parallel Synthesis                                               ; On                 ; On                 ;
; DSP Block Balancing                                              ; Auto               ; Auto               ;
; NOT Gate Push-Back                                               ; On                 ; On                 ;
; Power-Up Don't Care                                              ; On                 ; On                 ;
; Remove Redundant Logic Cells                                     ; Off                ; Off                ;
; Remove Duplicate Registers                                       ; On                 ; On                 ;
; Ignore CARRY Buffers                                             ; Off                ; Off                ;
; Ignore CASCADE Buffers                                           ; Off                ; Off                ;
; Ignore GLOBAL Buffers                                            ; Off                ; Off                ;
; Ignore ROW GLOBAL Buffers                                        ; Off                ; Off                ;
; Ignore LCELL Buffers                                             ; Off                ; Off                ;
; Ignore SOFT Buffers                                              ; On                 ; On                 ;
; Limit AHDL Integers to 32 Bits                                   ; Off                ; Off                ;
; Optimization Technique                                           ; Balanced           ; Balanced           ;
; Carry Chain Length                                               ; 70                 ; 70                 ;
; Auto Carry Chains                                                ; On                 ; On                 ;
; Auto Open-Drain Pins                                             ; On                 ; On                 ;
; Perform WYSIWYG Primitive Resynthesis                            ; Off                ; Off                ;
; Auto ROM Replacement                                             ; On                 ; On                 ;
; Auto RAM Replacement                                             ; On                 ; On                 ;
; Auto DSP Block Replacement                                       ; On                 ; On                 ;
; Auto Shift Register Replacement                                  ; Auto               ; Auto               ;
; Allow Shift Register Merging across Hierarchies                  ; Auto               ; Auto               ;
; Auto Clock Enable Replacement                                    ; On                 ; On                 ;
; Strict RAM Replacement                                           ; Off                ; Off                ;
; Allow Synchronous Control Signals                                ; On                 ; On                 ;
; Force Use of Synchronous Clear Signals                           ; Off                ; Off                ;
; Auto RAM Block Balancing                                         ; On                 ; On                 ;
; Auto RAM to Logic Cell Conversion                                ; Off                ; Off                ;
; Auto Resource Sharing                                            ; Off                ; Off                ;
; Allow Any RAM Size For Recognition                               ; Off                ; Off                ;
; Allow Any ROM Size For Recognition                               ; Off                ; Off                ;
; Allow Any Shift Register Size For Recognition                    ; Off                ; Off                ;
; Use LogicLock Constraints during Resource Balancing              ; On                 ; On                 ;
; Ignore translate_off and synthesis_off directives                ; Off                ; Off                ;
; Timing-Driven Synthesis                                          ; On                 ; On                 ;
; Report Parameter Settings                                        ; On                 ; On                 ;
; Report Source Assignments                                        ; On                 ; On                 ;
; Report Connectivity Checks                                       ; On                 ; On                 ;
; Ignore Maximum Fan-Out Assignments                               ; Off                ; Off                ;
; Synchronization Register Chain Length                            ; 2                  ; 2                  ;
; Power Optimization During Synthesis                              ; Normal compilation ; Normal compilation ;
; HDL message level                                                ; Level2             ; Level2             ;
; Suppress Register Optimization Related Messages                  ; Off                ; Off                ;
; Number of Removed Registers Reported in Synthesis Report         ; 5000               ; 5000               ;
; Number of Swept Nodes Reported in Synthesis Report               ; 5000               ; 5000               ;
; Number of Inverted Registers Reported in Synthesis Report        ; 100                ; 100                ;
; Clock MUX Protection                                             ; On                 ; On                 ;
; Auto Gated Clock Conversion                                      ; Off                ; Off                ;
; Block Design Naming                                              ; Auto               ; Auto               ;
; SDC constraint protection                                        ; Off                ; Off                ;
; Synthesis Effort                                                 ; Auto               ; Auto               ;
; Shift Register Replacement - Allow Asynchronous Clear Signal     ; On                 ; On                 ;
; Pre-Mapping Resynthesis Optimization                             ; Off                ; Off                ;
; Analysis & Synthesis Message Level                               ; Medium             ; Medium             ;
; Disable Register Merging Across Hierarchies                      ; Auto               ; Auto               ;
; Resource Aware Inference For Block RAM                           ; On                 ; On                 ;
+------------------------------------------------------------------+--------------------+--------------------+


+------------------------------------------+
; Parallel Compilation                     ;
+----------------------------+-------------+
; Processors                 ; Number      ;
+----------------------------+-------------+
; Number detected on machine ; 12          ;
; Maximum allowed            ; 4           ;
;                            ;             ;
; Average used               ; 1.00        ;
; Maximum used               ; 4           ;
;                            ;             ;
; Usage by Processor         ; % Time Used ;
;     Processor 1            ; 100.0%      ;
;     Processors 2-4         ;   0.0%      ;
+----------------------------+-------------+


+----------------------------------------------------------------------------------------------------------------------------------------------------------------------------------------+
; Analysis & Synthesis Source Files Read                                                                                                                                                 ;
+----------------------------------+-----------------+----------------------------------------+--------------------------------------------------------------------------------+---------+
; File Name with User-Entered Path ; Used in Netlist ; File Type                              ; File Name with Absolute Path                                                   ; Library ;
+----------------------------------+-----------------+----------------------------------------+--------------------------------------------------------------------------------+---------+
; ../Uart_tx_Rom/Uart_tx_Rom.vhd   ; yes             ; User VHDL File                         ; C:/Final_Project/The_Final_Project/Card_A/Uart_tx_Rom/Uart_tx_Rom.vhd          ;         ;
; ../Uart_rx/Uart_rx.vhdl          ; yes             ; User VHDL File                         ; C:/Final_Project/The_Final_Project/Card_A/Uart_rx/Uart_rx.vhdl                 ;         ;
; ../Rom_X/Rom_X.v                 ; yes             ; User Wizard-Generated File             ; C:/Final_Project/The_Final_Project/Card_A/Rom_X/Rom_X.v                        ;         ;
; ../Ram2_X/Ram2_X.v               ; yes             ; User Wizard-Generated File             ; C:/Final_Project/The_Final_Project/Card_A/Ram2_X/Ram2_X.v                      ;         ;
; ../BiPhase_tx/BiPhase_tx.vhdl    ; yes             ; User VHDL File                         ; C:/Final_Project/The_Final_Project/Card_A/BiPhase_tx/BiPhase_tx.vhdl           ;         ;
; Card_A_Design.vhdl               ; yes             ; User VHDL File                         ; C:/Final_Project/The_Final_Project/Card_A/Card_A_Design/Card_A_Design.vhdl     ;         ;
; altsyncram.tdf                   ; yes             ; Megafunction                           ; c:/final_project/quartus/libraries/megafunctions/altsyncram.tdf                ;         ;
; stratix_ram_block.inc            ; yes             ; Megafunction                           ; c:/final_project/quartus/libraries/megafunctions/stratix_ram_block.inc         ;         ;
; lpm_mux.inc                      ; yes             ; Megafunction                           ; c:/final_project/quartus/libraries/megafunctions/lpm_mux.inc                   ;         ;
; lpm_decode.inc                   ; yes             ; Megafunction                           ; c:/final_project/quartus/libraries/megafunctions/lpm_decode.inc                ;         ;
; aglobal221.inc                   ; yes             ; Megafunction                           ; c:/final_project/quartus/libraries/megafunctions/aglobal221.inc                ;         ;
; a_rdenreg.inc                    ; yes             ; Megafunction                           ; c:/final_project/quartus/libraries/megafunctions/a_rdenreg.inc                 ;         ;
; altrom.inc                       ; yes             ; Megafunction                           ; c:/final_project/quartus/libraries/megafunctions/altrom.inc                    ;         ;
; altram.inc                       ; yes             ; Megafunction                           ; c:/final_project/quartus/libraries/megafunctions/altram.inc                    ;         ;
; altdpram.inc                     ; yes             ; Megafunction                           ; c:/final_project/quartus/libraries/megafunctions/altdpram.inc                  ;         ;
; db/altsyncram_pt81.tdf           ; yes             ; Auto-Generated Megafunction            ; C:/Final_Project/The_Final_Project/Card_A/Card_A_Design/db/altsyncram_pt81.tdf ;         ;
; ../Rom_X/Rom_X_data.mif          ; yes             ; Auto-Found Memory Initialization File  ; C:/Final_Project/The_Final_Project/Card_A/Rom_X/Rom_X_data.mif                 ;         ;
; db/altsyncram_64s1.tdf           ; yes             ; Auto-Generated Megafunction            ; C:/Final_Project/The_Final_Project/Card_A/Card_A_Design/db/altsyncram_64s1.tdf ;         ;
; ../Ram2_X/Ram2_X_data.mif        ; yes             ; Auto-Found Memory Initialization File  ; C:/Final_Project/The_Final_Project/Card_A/Ram2_X/Ram2_X_data.mif               ;         ;
+----------------------------------+-----------------+----------------------------------------+--------------------------------------------------------------------------------+---------+


+------------------------------------------------------------+
; Analysis & Synthesis Resource Usage Summary                ;
+---------------------------------------------+--------------+
; Resource                                    ; Usage        ;
+---------------------------------------------+--------------+
; Estimated Total logic elements              ; 246          ;
;                                             ;              ;
; Total combinational functions               ; 193          ;
; Logic element usage by number of LUT inputs ;              ;
;     -- 4 input functions                    ; 57           ;
;     -- 3 input functions                    ; 39           ;
;     -- <=2 input functions                  ; 97           ;
;                                             ;              ;
; Logic elements by mode                      ;              ;
;     -- normal mode                          ; 139          ;
;     -- arithmetic mode                      ; 54           ;
;                                             ;              ;
; Total registers                             ; 186          ;
;     -- Dedicated logic registers            ; 186          ;
;     -- I/O registers                        ; 0            ;
;                                             ;              ;
; I/O pins                                    ; 3            ;
; Total memory bits                           ; 768          ;
;                                             ;              ;
; Embedded Multiplier 9-bit elements          ; 0            ;
;                                             ;              ;
; Maximum fan-out node                        ; sysclk~input ;
; Maximum fan-out                             ; 202          ;
; Total fan-out                               ; 1328         ;
; Average fan-out                             ; 3.31         ;
+---------------------------------------------+--------------+


+---------------------------------------------------------------------------------------------------------------------------------------------------------------------------------------------------------------------------------------------------------------------------------------------------------------------------------------------+
; Analysis & Synthesis Resource Utilization by Entity                                                                                                                                                                                                                                                                                         ;
+----------------------------------------------+---------------------+---------------------------+-------------+------------+--------------+---------+-----------+------+--------------+------------+--------------------------------------------------------------------------------------------------------+-----------------+--------------+
; Compilation Hierarchy Node                   ; Combinational ALUTs ; Dedicated Logic Registers ; Memory Bits ; UFM Blocks ; DSP Elements ; DSP 9x9 ; DSP 18x18 ; Pins ; Virtual Pins ; ADC blocks ; Full Hierarchy Name                                                                                    ; Entity Name     ; Library Name ;
+----------------------------------------------+---------------------+---------------------------+-------------+------------+--------------+---------+-----------+------+--------------+------------+--------------------------------------------------------------------------------------------------------+-----------------+--------------+
; |Card_A_Design                               ; 193 (0)             ; 186 (0)                   ; 768         ; 0          ; 0            ; 0       ; 0         ; 3    ; 0            ; 0          ; |Card_A_Design                                                                                         ; Card_A_Design   ; work         ;
;    |BiPhase_tx:biphase|                      ; 44 (44)             ; 56 (56)                   ; 0           ; 0          ; 0            ; 0       ; 0         ; 0    ; 0            ; 0          ; |Card_A_Design|BiPhase_tx:biphase                                                                      ; BiPhase_tx      ; work         ;
;    |Ram2_X:memory|                           ; 1 (0)               ; 1 (0)                     ; 512         ; 0          ; 0            ; 0       ; 0         ; 0    ; 0            ; 0          ; |Card_A_Design|Ram2_X:memory                                                                           ; Ram2_X          ; work         ;
;       |altsyncram:altsyncram_component|      ; 1 (0)               ; 1 (0)                     ; 512         ; 0          ; 0            ; 0       ; 0         ; 0    ; 0            ; 0          ; |Card_A_Design|Ram2_X:memory|altsyncram:altsyncram_component                                           ; altsyncram      ; work         ;
;          |altsyncram_64s1:auto_generated|    ; 1 (1)               ; 1 (1)                     ; 512         ; 0          ; 0            ; 0       ; 0         ; 0    ; 0            ; 0          ; |Card_A_Design|Ram2_X:memory|altsyncram:altsyncram_component|altsyncram_64s1:auto_generated            ; altsyncram_64s1 ; work         ;
;    |Uart_rx:rx|                              ; 87 (87)             ; 78 (78)                   ; 0           ; 0          ; 0            ; 0       ; 0         ; 0    ; 0            ; 0          ; |Card_A_Design|Uart_rx:rx                                                                              ; Uart_rx         ; work         ;
;    |Uart_tx_Rom:tx|                          ; 61 (61)             ; 51 (51)                   ; 256         ; 0          ; 0            ; 0       ; 0         ; 0    ; 0            ; 0          ; |Card_A_Design|Uart_tx_Rom:tx                                                                          ; Uart_tx_Rom     ; work         ;
;       |Rom_X:dut|                            ; 0 (0)               ; 0 (0)                     ; 256         ; 0          ; 0            ; 0       ; 0         ; 0    ; 0            ; 0          ; |Card_A_Design|Uart_tx_Rom:tx|Rom_X:dut                                                                ; Rom_X           ; work         ;
;          |altsyncram:altsyncram_component|   ; 0 (0)               ; 0 (0)                     ; 256         ; 0          ; 0            ; 0       ; 0         ; 0    ; 0            ; 0          ; |Card_A_Design|Uart_tx_Rom:tx|Rom_X:dut|altsyncram:altsyncram_component                                ; altsyncram      ; work         ;
;             |altsyncram_pt81:auto_generated| ; 0 (0)               ; 0 (0)                     ; 256         ; 0          ; 0            ; 0       ; 0         ; 0    ; 0            ; 0          ; |Card_A_Design|Uart_tx_Rom:tx|Rom_X:dut|altsyncram:altsyncram_component|altsyncram_pt81:auto_generated ; altsyncram_pt81 ; work         ;
+----------------------------------------------+---------------------+---------------------------+-------------+------------+--------------+---------+-----------+------+--------------+------------+--------------------------------------------------------------------------------------------------------+-----------------+--------------+
Note: For table entries with two numbers listed, the numbers in parentheses indicate the number of resources of the given type used by the specific entity alone. The numbers listed outside of parentheses indicate the total resources of the given type used by the specific entity and all of its sub-entities in the hierarchy.


+-------------------------------------------------------------------------------------------------------------------------------------------------------------------------------------------------------------------+
; Analysis & Synthesis RAM Summary                                                                                                                                                                                  ;
+----------------------------------------------------------------------------------------------------+------+------------------+--------------+--------------+--------------+--------------+------+-----------------+
; Name                                                                                               ; Type ; Mode             ; Port A Depth ; Port A Width ; Port B Depth ; Port B Width ; Size ; MIF             ;
+----------------------------------------------------------------------------------------------------+------+------------------+--------------+--------------+--------------+--------------+------+-----------------+
; Ram2_X:memory|altsyncram:altsyncram_component|altsyncram_64s1:auto_generated|ALTSYNCRAM            ; AUTO ; Simple Dual Port ; 64           ; 8            ; 64           ; 8            ; 512  ; Ram2_X_data.mif ;
; Uart_tx_Rom:tx|Rom_X:dut|altsyncram:altsyncram_component|altsyncram_pt81:auto_generated|ALTSYNCRAM ; AUTO ; ROM              ; 32           ; 8            ; --           ; --           ; 256  ; Rom_X_data.mif  ;
+----------------------------------------------------------------------------------------------------+------+------------------+--------------+--------------+--------------+--------------+------+-----------------+


+------------------------------------------------------------------------------------------------------------------------------+
; Analysis & Synthesis IP Cores Summary                                                                                        ;
+--------+--------------+---------+--------------+--------------+-----------------------------------------+--------------------+
; Vendor ; IP Core Name ; Version ; Release Date ; License Type ; Entity Instance                         ; IP Include File    ;
+--------+--------------+---------+--------------+--------------+-----------------------------------------+--------------------+
; Altera ; RAM: 2-PORT  ; 22.1    ; N/A          ; N/A          ; |Card_A_Design|Ram2_X:memory            ; ../Ram2_X/Ram2_X.v ;
; Altera ; ROM: 1-PORT  ; 22.1    ; N/A          ; N/A          ; |Card_A_Design|Uart_tx_Rom:tx|Rom_X:dut ; ../Rom_X/Rom_X.v   ;
+--------+--------------+---------+--------------+--------------+-----------------------------------------+--------------------+


Encoding Type:  One-Hot
+-------------------------------------------------------------------------------------------------+
; State Machine - |Card_A_Design|Uart_rx:rx|state_rx                                              ;
+-------------+-------------+-------------+-------------+-------------+-------------+-------------+
; Name        ; state_rx.s5 ; state_rx.s4 ; state_rx.s3 ; state_rx.s2 ; state_rx.s1 ; state_rx.s0 ;
+-------------+-------------+-------------+-------------+-------------+-------------+-------------+
; state_rx.s0 ; 0           ; 0           ; 0           ; 0           ; 0           ; 0           ;
; state_rx.s1 ; 0           ; 0           ; 0           ; 0           ; 1           ; 1           ;
; state_rx.s2 ; 0           ; 0           ; 0           ; 1           ; 0           ; 1           ;
; state_rx.s3 ; 0           ; 0           ; 1           ; 0           ; 0           ; 1           ;
; state_rx.s4 ; 0           ; 1           ; 0           ; 0           ; 0           ; 1           ;
; state_rx.s5 ; 1           ; 0           ; 0           ; 0           ; 0           ; 1           ;
+-------------+-------------+-------------+-------------+-------------+-------------+-------------+


Encoding Type:  One-Hot
+-------------------------------------------------------------------------------------------------------------------------------------------------------------------------+
; State Machine - |Card_A_Design|Uart_tx_Rom:tx|state_tx                                                                                                                  ;
+--------------+--------------+-------------+-------------+-------------+-------------+-------------+-------------+-------------+-------------+-------------+-------------+
; Name         ; state_tx.s10 ; state_tx.s9 ; state_tx.s8 ; state_tx.s7 ; state_tx.s6 ; state_tx.s5 ; state_tx.s4 ; state_tx.s3 ; state_tx.s2 ; state_tx.s1 ; state_tx.s0 ;
+--------------+--------------+-------------+-------------+-------------+-------------+-------------+-------------+-------------+-------------+-------------+-------------+
; state_tx.s0  ; 0            ; 0           ; 0           ; 0           ; 0           ; 0           ; 0           ; 0           ; 0           ; 0           ; 0           ;
; state_tx.s1  ; 0            ; 0           ; 0           ; 0           ; 0           ; 0           ; 0           ; 0           ; 0           ; 1           ; 1           ;
; state_tx.s2  ; 0            ; 0           ; 0           ; 0           ; 0           ; 0           ; 0           ; 0           ; 1           ; 0           ; 1           ;
; state_tx.s3  ; 0            ; 0           ; 0           ; 0           ; 0           ; 0           ; 0           ; 1           ; 0           ; 0           ; 1           ;
; state_tx.s4  ; 0            ; 0           ; 0           ; 0           ; 0           ; 0           ; 1           ; 0           ; 0           ; 0           ; 1           ;
; state_tx.s5  ; 0            ; 0           ; 0           ; 0           ; 0           ; 1           ; 0           ; 0           ; 0           ; 0           ; 1           ;
; state_tx.s6  ; 0            ; 0           ; 0           ; 0           ; 1           ; 0           ; 0           ; 0           ; 0           ; 0           ; 1           ;
; state_tx.s7  ; 0            ; 0           ; 0           ; 1           ; 0           ; 0           ; 0           ; 0           ; 0           ; 0           ; 1           ;
; state_tx.s8  ; 0            ; 0           ; 1           ; 0           ; 0           ; 0           ; 0           ; 0           ; 0           ; 0           ; 1           ;
; state_tx.s9  ; 0            ; 1           ; 0           ; 0           ; 0           ; 0           ; 0           ; 0           ; 0           ; 0           ; 1           ;
; state_tx.s10 ; 1            ; 0           ; 0           ; 0           ; 0           ; 0           ; 0           ; 0           ; 0           ; 0           ; 1           ;
+--------------+--------------+-------------+-------------+-------------+-------------+-------------+-------------+-------------+-------------+-------------+-------------+


Encoding Type:  One-Hot
+----------------------------------------------------------------------------------------------------------------------+
; State Machine - |Card_A_Design|BiPhase_tx:biphase|state_mini                                                         ;
+----------------+----------------+----------------+----------------+----------------+----------------+----------------+
; Name           ; state_mini.s5a ; state_mini.s4a ; state_mini.s3a ; state_mini.s2a ; state_mini.s1a ; state_mini.s0a ;
+----------------+----------------+----------------+----------------+----------------+----------------+----------------+
; state_mini.s0a ; 0              ; 0              ; 0              ; 0              ; 0              ; 0              ;
; state_mini.s1a ; 0              ; 0              ; 0              ; 0              ; 1              ; 1              ;
; state_mini.s2a ; 0              ; 0              ; 0              ; 1              ; 0              ; 1              ;
; state_mini.s3a ; 0              ; 0              ; 1              ; 0              ; 0              ; 1              ;
; state_mini.s4a ; 0              ; 1              ; 0              ; 0              ; 0              ; 1              ;
; state_mini.s5a ; 1              ; 0              ; 0              ; 0              ; 0              ; 1              ;
+----------------+----------------+----------------+----------------+----------------+----------------+----------------+


Encoding Type:  One-Hot
+-----------------------------------------------------------------------------------------------------------------------------+
; State Machine - |Card_A_Design|BiPhase_tx:biphase|state_bi                                                                  ;
+-------------+-------------+-------------+-------------+-------------+-------------+-------------+-------------+-------------+
; Name        ; state_bi.s7 ; state_bi.s6 ; state_bi.s5 ; state_bi.s4 ; state_bi.s3 ; state_bi.s2 ; state_bi.s1 ; state_bi.s0 ;
+-------------+-------------+-------------+-------------+-------------+-------------+-------------+-------------+-------------+
; state_bi.s0 ; 0           ; 0           ; 0           ; 0           ; 0           ; 0           ; 0           ; 0           ;
; state_bi.s1 ; 0           ; 0           ; 0           ; 0           ; 0           ; 0           ; 1           ; 1           ;
; state_bi.s2 ; 0           ; 0           ; 0           ; 0           ; 0           ; 1           ; 0           ; 1           ;
; state_bi.s3 ; 0           ; 0           ; 0           ; 0           ; 1           ; 0           ; 0           ; 1           ;
; state_bi.s4 ; 0           ; 0           ; 0           ; 1           ; 0           ; 0           ; 0           ; 1           ;
; state_bi.s5 ; 0           ; 0           ; 1           ; 0           ; 0           ; 0           ; 0           ; 1           ;
; state_bi.s6 ; 0           ; 1           ; 0           ; 0           ; 0           ; 0           ; 0           ; 1           ;
; state_bi.s7 ; 1           ; 0           ; 0           ; 0           ; 0           ; 0           ; 0           ; 1           ;
+-------------+-------------+-------------+-------------+-------------+-------------+-------------+-------------+-------------+


+--------------------------------------------------------------------------------+
; Registers Removed During Synthesis                                             ;
+---------------------------------------+----------------------------------------+
; Register name                         ; Reason for Removal                     ;
+---------------------------------------+----------------------------------------+
; Uart_tx_Rom:tx|sig_packet[9..11]      ; Stuck at VCC due to stuck port data_in ;
; Total Number of Removed Registers = 3 ;                                        ;
+---------------------------------------+----------------------------------------+


+-------------------------------------------------------------------------------------------------------------------------+
; Removed Registers Triggering Further Register Optimizations                                                             ;
+-------------------------------+---------------------------+-------------------------------------------------------------+
; Register name                 ; Reason for Removal        ; Registers Removed due to This Register                      ;
+-------------------------------+---------------------------+-------------------------------------------------------------+
; Uart_tx_Rom:tx|sig_packet[11] ; Stuck at VCC              ; Uart_tx_Rom:tx|sig_packet[10], Uart_tx_Rom:tx|sig_packet[9] ;
;                               ; due to stuck port data_in ;                                                             ;
+-------------------------------+---------------------------+-------------------------------------------------------------+


+------------------------------------------------------+
; General Register Statistics                          ;
+----------------------------------------------+-------+
; Statistic                                    ; Value ;
+----------------------------------------------+-------+
; Total registers                              ; 186   ;
; Number of registers using Synchronous Clear  ; 0     ;
; Number of registers using Synchronous Load   ; 1     ;
; Number of registers using Asynchronous Clear ; 124   ;
; Number of registers using Asynchronous Load  ; 0     ;
; Number of registers using Clock Enable       ; 116   ;
; Number of registers using Preset             ; 0     ;
+----------------------------------------------+-------+


+--------------------------------------------------+
; Inverted Register Statistics                     ;
+----------------------------------------+---------+
; Inverted Register                      ; Fan out ;
+----------------------------------------+---------+
; BiPhase_tx:biphase|sig_cut_not         ; 3       ;
; BiPhase_tx:biphase|sig_cut_rd_not      ; 2       ;
; Uart_rx:rx|signal_A_q_not              ; 4       ;
; Uart_tx_Rom:tx|sig_bit                 ; 2       ;
; Uart_tx_Rom:tx|signal_A_q_not          ; 2       ;
; Total number of inverted registers = 5 ;         ;
+----------------------------------------+---------+


+-----------------------------------------------------------------------------------------------------------------------------------------------------------------------+
; Multiplexer Restructuring Statistics (Restructuring Performed)                                                                                                        ;
+--------------------+-----------+---------------+----------------------+------------------------+------------+---------------------------------------------------------+
; Multiplexer Inputs ; Bus Width ; Baseline Area ; Area if Restructured ; Saving if Restructured ; Registered ; Example Multiplexer Output                              ;
+--------------------+-----------+---------------+----------------------+------------------------+------------+---------------------------------------------------------+
; 4:1                ; 6 bits    ; 12 LEs        ; 6 LEs                ; 6 LEs                  ; Yes        ; |Card_A_Design|Uart_rx:rx|\main_rx:var_clk_cntr[5]      ;
; 4:1                ; 2 bits    ; 4 LEs         ; 2 LEs                ; 2 LEs                  ; Yes        ; |Card_A_Design|Uart_tx_Rom:tx|sig_packet[10]            ;
; 4:1                ; 8 bits    ; 16 LEs        ; 8 LEs                ; 8 LEs                  ; Yes        ; |Card_A_Design|Uart_tx_Rom:tx|sig_packet[5]             ;
; 5:1                ; 4 bits    ; 12 LEs        ; 4 LEs                ; 8 LEs                  ; Yes        ; |Card_A_Design|Uart_rx:rx|\main_rx:var_bit_cntr[3]      ;
; 5:1                ; 6 bits    ; 18 LEs        ; 6 LEs                ; 12 LEs                 ; Yes        ; |Card_A_Design|Uart_rx:rx|sig_ram_address[5]            ;
; 8:1                ; 4 bits    ; 20 LEs        ; 4 LEs                ; 16 LEs                 ; Yes        ; |Card_A_Design|Uart_tx_Rom:tx|\transmission:sig_cntr[3] ;
; 7:1                ; 3 bits    ; 12 LEs        ; 9 LEs                ; 3 LEs                  ; No         ; |Card_A_Design|Uart_rx:rx|Selector15                    ;
+--------------------+-----------+---------------+----------------------+------------------------+------------+---------------------------------------------------------+


+----------------------------------------------------------------------------------------------------------------+
; Source assignments for Uart_tx_Rom:tx|Rom_X:dut|altsyncram:altsyncram_component|altsyncram_pt81:auto_generated ;
+---------------------------------+--------------------+------+--------------------------------------------------+
; Assignment                      ; Value              ; From ; To                                               ;
+---------------------------------+--------------------+------+--------------------------------------------------+
; OPTIMIZE_POWER_DURING_SYNTHESIS ; NORMAL_COMPILATION ; -    ; -                                                ;
+---------------------------------+--------------------+------+--------------------------------------------------+


+-----------------------------------------------------------------------------------------------------+
; Source assignments for Ram2_X:memory|altsyncram:altsyncram_component|altsyncram_64s1:auto_generated ;
+---------------------------------+--------------------+------+---------------------------------------+
; Assignment                      ; Value              ; From ; To                                    ;
+---------------------------------+--------------------+------+---------------------------------------+
; OPTIMIZE_POWER_DURING_SYNTHESIS ; NORMAL_COMPILATION ; -    ; -                                     ;
+---------------------------------+--------------------+------+---------------------------------------+


+-------------------------------------------------------------------------------------------------------+
; Parameter Settings for User Entity Instance: Uart_tx_Rom:tx|Rom_X:dut|altsyncram:altsyncram_component ;
+------------------------------------+----------------------+-------------------------------------------+
; Parameter Name                     ; Value                ; Type                                      ;
+------------------------------------+----------------------+-------------------------------------------+
; BYTE_SIZE_BLOCK                    ; 8                    ; Untyped                                   ;
; AUTO_CARRY_CHAINS                  ; ON                   ; AUTO_CARRY                                ;
; IGNORE_CARRY_BUFFERS               ; OFF                  ; IGNORE_CARRY                              ;
; AUTO_CASCADE_CHAINS                ; ON                   ; AUTO_CASCADE                              ;
; IGNORE_CASCADE_BUFFERS             ; OFF                  ; IGNORE_CASCADE                            ;
; WIDTH_BYTEENA                      ; 1                    ; Untyped                                   ;
; OPERATION_MODE                     ; ROM                  ; Untyped                                   ;
; WIDTH_A                            ; 8                    ; Signed Integer                            ;
; WIDTHAD_A                          ; 5                    ; Signed Integer                            ;
; NUMWORDS_A                         ; 32                   ; Signed Integer                            ;
; OUTDATA_REG_A                      ; CLOCK0               ; Untyped                                   ;
; ADDRESS_ACLR_A                     ; NONE                 ; Untyped                                   ;
; OUTDATA_ACLR_A                     ; NONE                 ; Untyped                                   ;
; WRCONTROL_ACLR_A                   ; NONE                 ; Untyped                                   ;
; INDATA_ACLR_A                      ; NONE                 ; Untyped                                   ;
; BYTEENA_ACLR_A                     ; NONE                 ; Untyped                                   ;
; WIDTH_B                            ; 1                    ; Untyped                                   ;
; WIDTHAD_B                          ; 1                    ; Untyped                                   ;
; NUMWORDS_B                         ; 1                    ; Untyped                                   ;
; INDATA_REG_B                       ; CLOCK1               ; Untyped                                   ;
; WRCONTROL_WRADDRESS_REG_B          ; CLOCK1               ; Untyped                                   ;
; RDCONTROL_REG_B                    ; CLOCK1               ; Untyped                                   ;
; ADDRESS_REG_B                      ; CLOCK1               ; Untyped                                   ;
; OUTDATA_REG_B                      ; UNREGISTERED         ; Untyped                                   ;
; BYTEENA_REG_B                      ; CLOCK1               ; Untyped                                   ;
; INDATA_ACLR_B                      ; NONE                 ; Untyped                                   ;
; WRCONTROL_ACLR_B                   ; NONE                 ; Untyped                                   ;
; ADDRESS_ACLR_B                     ; NONE                 ; Untyped                                   ;
; OUTDATA_ACLR_B                     ; NONE                 ; Untyped                                   ;
; RDCONTROL_ACLR_B                   ; NONE                 ; Untyped                                   ;
; BYTEENA_ACLR_B                     ; NONE                 ; Untyped                                   ;
; WIDTH_BYTEENA_A                    ; 1                    ; Signed Integer                            ;
; WIDTH_BYTEENA_B                    ; 1                    ; Untyped                                   ;
; RAM_BLOCK_TYPE                     ; AUTO                 ; Untyped                                   ;
; BYTE_SIZE                          ; 8                    ; Untyped                                   ;
; READ_DURING_WRITE_MODE_MIXED_PORTS ; DONT_CARE            ; Untyped                                   ;
; READ_DURING_WRITE_MODE_PORT_A      ; NEW_DATA_NO_NBE_READ ; Untyped                                   ;
; READ_DURING_WRITE_MODE_PORT_B      ; NEW_DATA_NO_NBE_READ ; Untyped                                   ;
; INIT_FILE                          ; Rom_X_data.mif       ; Untyped                                   ;
; INIT_FILE_LAYOUT                   ; PORT_A               ; Untyped                                   ;
; MAXIMUM_DEPTH                      ; 0                    ; Untyped                                   ;
; CLOCK_ENABLE_INPUT_A               ; BYPASS               ; Untyped                                   ;
; CLOCK_ENABLE_INPUT_B               ; NORMAL               ; Untyped                                   ;
; CLOCK_ENABLE_OUTPUT_A              ; BYPASS               ; Untyped                                   ;
; CLOCK_ENABLE_OUTPUT_B              ; NORMAL               ; Untyped                                   ;
; CLOCK_ENABLE_CORE_A                ; USE_INPUT_CLKEN      ; Untyped                                   ;
; CLOCK_ENABLE_CORE_B                ; USE_INPUT_CLKEN      ; Untyped                                   ;
; ENABLE_ECC                         ; FALSE                ; Untyped                                   ;
; ECC_PIPELINE_STAGE_ENABLED         ; FALSE                ; Untyped                                   ;
; WIDTH_ECCSTATUS                    ; 3                    ; Untyped                                   ;
; DEVICE_FAMILY                      ; MAX 10               ; Untyped                                   ;
; CBXI_PARAMETER                     ; altsyncram_pt81      ; Untyped                                   ;
+------------------------------------+----------------------+-------------------------------------------+
Note: In order to hide this table in the UI and the text report file, please set the "Show Parameter Settings in Synthesis Report" option in "Analysis and Synthesis Settings -> More Settings" to "Off".


+--------------------------------------------------------------------------------------------+
; Parameter Settings for User Entity Instance: Ram2_X:memory|altsyncram:altsyncram_component ;
+------------------------------------+----------------------+--------------------------------+
; Parameter Name                     ; Value                ; Type                           ;
+------------------------------------+----------------------+--------------------------------+
; BYTE_SIZE_BLOCK                    ; 8                    ; Untyped                        ;
; AUTO_CARRY_CHAINS                  ; ON                   ; AUTO_CARRY                     ;
; IGNORE_CARRY_BUFFERS               ; OFF                  ; IGNORE_CARRY                   ;
; AUTO_CASCADE_CHAINS                ; ON                   ; AUTO_CASCADE                   ;
; IGNORE_CASCADE_BUFFERS             ; OFF                  ; IGNORE_CASCADE                 ;
; WIDTH_BYTEENA                      ; 1                    ; Untyped                        ;
; OPERATION_MODE                     ; DUAL_PORT            ; Untyped                        ;
; WIDTH_A                            ; 8                    ; Signed Integer                 ;
; WIDTHAD_A                          ; 6                    ; Signed Integer                 ;
; NUMWORDS_A                         ; 64                   ; Signed Integer                 ;
; OUTDATA_REG_A                      ; UNREGISTERED         ; Untyped                        ;
; ADDRESS_ACLR_A                     ; NONE                 ; Untyped                        ;
; OUTDATA_ACLR_A                     ; NONE                 ; Untyped                        ;
; WRCONTROL_ACLR_A                   ; NONE                 ; Untyped                        ;
; INDATA_ACLR_A                      ; NONE                 ; Untyped                        ;
; BYTEENA_ACLR_A                     ; NONE                 ; Untyped                        ;
; WIDTH_B                            ; 8                    ; Signed Integer                 ;
; WIDTHAD_B                          ; 6                    ; Signed Integer                 ;
; NUMWORDS_B                         ; 64                   ; Signed Integer                 ;
; INDATA_REG_B                       ; CLOCK1               ; Untyped                        ;
; WRCONTROL_WRADDRESS_REG_B          ; CLOCK1               ; Untyped                        ;
; RDCONTROL_REG_B                    ; CLOCK0               ; Untyped                        ;
; ADDRESS_REG_B                      ; CLOCK0               ; Untyped                        ;
; OUTDATA_REG_B                      ; CLOCK0               ; Untyped                        ;
; BYTEENA_REG_B                      ; CLOCK1               ; Untyped                        ;
; INDATA_ACLR_B                      ; NONE                 ; Untyped                        ;
; WRCONTROL_ACLR_B                   ; NONE                 ; Untyped                        ;
; ADDRESS_ACLR_B                     ; NONE                 ; Untyped                        ;
; OUTDATA_ACLR_B                     ; NONE                 ; Untyped                        ;
; RDCONTROL_ACLR_B                   ; NONE                 ; Untyped                        ;
; BYTEENA_ACLR_B                     ; NONE                 ; Untyped                        ;
; WIDTH_BYTEENA_A                    ; 1                    ; Signed Integer                 ;
; WIDTH_BYTEENA_B                    ; 1                    ; Untyped                        ;
; RAM_BLOCK_TYPE                     ; AUTO                 ; Untyped                        ;
; BYTE_SIZE                          ; 8                    ; Untyped                        ;
; READ_DURING_WRITE_MODE_MIXED_PORTS ; DONT_CARE            ; Untyped                        ;
; READ_DURING_WRITE_MODE_PORT_A      ; NEW_DATA_NO_NBE_READ ; Untyped                        ;
; READ_DURING_WRITE_MODE_PORT_B      ; NEW_DATA_NO_NBE_READ ; Untyped                        ;
; INIT_FILE                          ; Ram2_X_data.mif      ; Untyped                        ;
; INIT_FILE_LAYOUT                   ; PORT_A               ; Untyped                        ;
; MAXIMUM_DEPTH                      ; 0                    ; Untyped                        ;
; CLOCK_ENABLE_INPUT_A               ; BYPASS               ; Untyped                        ;
; CLOCK_ENABLE_INPUT_B               ; BYPASS               ; Untyped                        ;
; CLOCK_ENABLE_OUTPUT_A              ; NORMAL               ; Untyped                        ;
; CLOCK_ENABLE_OUTPUT_B              ; BYPASS               ; Untyped                        ;
; CLOCK_ENABLE_CORE_A                ; USE_INPUT_CLKEN      ; Untyped                        ;
; CLOCK_ENABLE_CORE_B                ; USE_INPUT_CLKEN      ; Untyped                        ;
; ENABLE_ECC                         ; FALSE                ; Untyped                        ;
; ECC_PIPELINE_STAGE_ENABLED         ; FALSE                ; Untyped                        ;
; WIDTH_ECCSTATUS                    ; 3                    ; Untyped                        ;
; DEVICE_FAMILY                      ; MAX 10               ; Untyped                        ;
; CBXI_PARAMETER                     ; altsyncram_64s1      ; Untyped                        ;
+------------------------------------+----------------------+--------------------------------+
Note: In order to hide this table in the UI and the text report file, please set the "Show Parameter Settings in Synthesis Report" option in "Analysis and Synthesis Settings -> More Settings" to "Off".


+------------------------------------------------------------------------------------------------------+
; altsyncram Parameter Settings by Entity Instance                                                     ;
+-------------------------------------------+----------------------------------------------------------+
; Name                                      ; Value                                                    ;
+-------------------------------------------+----------------------------------------------------------+
; Number of entity instances                ; 2                                                        ;
; Entity Instance                           ; Uart_tx_Rom:tx|Rom_X:dut|altsyncram:altsyncram_component ;
;     -- OPERATION_MODE                     ; ROM                                                      ;
;     -- WIDTH_A                            ; 8                                                        ;
;     -- NUMWORDS_A                         ; 32                                                       ;
;     -- OUTDATA_REG_A                      ; CLOCK0                                                   ;
;     -- WIDTH_B                            ; 1                                                        ;
;     -- NUMWORDS_B                         ; 1                                                        ;
;     -- ADDRESS_REG_B                      ; CLOCK1                                                   ;
;     -- OUTDATA_REG_B                      ; UNREGISTERED                                             ;
;     -- RAM_BLOCK_TYPE                     ; AUTO                                                     ;
;     -- READ_DURING_WRITE_MODE_MIXED_PORTS ; DONT_CARE                                                ;
; Entity Instance                           ; Ram2_X:memory|altsyncram:altsyncram_component            ;
;     -- OPERATION_MODE                     ; DUAL_PORT                                                ;
;     -- WIDTH_A                            ; 8                                                        ;
;     -- NUMWORDS_A                         ; 64                                                       ;
;     -- OUTDATA_REG_A                      ; UNREGISTERED                                             ;
;     -- WIDTH_B                            ; 8                                                        ;
;     -- NUMWORDS_B                         ; 64                                                       ;
;     -- ADDRESS_REG_B                      ; CLOCK0                                                   ;
;     -- OUTDATA_REG_B                      ; CLOCK0                                                   ;
;     -- RAM_BLOCK_TYPE                     ; AUTO                                                     ;
;     -- READ_DURING_WRITE_MODE_MIXED_PORTS ; DONT_CARE                                                ;
+-------------------------------------------+----------------------------------------------------------+


+-----------------------------------------------------+
; Post-Synthesis Netlist Statistics for Top Partition ;
+-----------------------+-----------------------------+
; Type                  ; Count                       ;
+-----------------------+-----------------------------+
; boundary_port         ; 3                           ;
; cycloneiii_ff         ; 186                         ;
;     CLR               ; 66                          ;
;     ENA               ; 57                          ;
;     ENA CLR           ; 58                          ;
;     ENA SLD           ; 1                           ;
;     plain             ; 4                           ;
; cycloneiii_lcell_comb ; 193                         ;
;     arith             ; 54                          ;
;         2 data inputs ; 50                          ;
;         3 data inputs ; 4                           ;
;     normal            ; 139                         ;
;         1 data inputs ; 13                          ;
;         2 data inputs ; 34                          ;
;         3 data inputs ; 35                          ;
;         4 data inputs ; 57                          ;
; cycloneiii_ram_block  ; 16                          ;
;                       ;                             ;
; Max LUT depth         ; 6.00                        ;
; Average LUT depth     ; 2.58                        ;
+-----------------------+-----------------------------+


+-------------------------------+
; Elapsed Time Per Partition    ;
+----------------+--------------+
; Partition Name ; Elapsed Time ;
+----------------+--------------+
; Top            ; 00:00:00     ;
+----------------+--------------+


+-------------------------------+
; Analysis & Synthesis Messages ;
+-------------------------------+
Info: *******************************************************************
Info: Running Quartus Prime Analysis & Synthesis
    Info: Version 22.1std.0 Build 915 10/25/2022 SC Lite Edition
    Info: Processing started: Tue Sep 19 15:26:29 2023
Info: Command: quartus_map --read_settings_files=on --write_settings_files=off Card_A_Design -c Card_A_Design
Info (20032): Parallel compilation is enabled and will use up to 4 processors
Info (12021): Found 2 design units, including 1 entities, in source file /final_project/the_final_project/card_a/uart_tx_rom/uart_tx_rom.vhd
    Info (12022): Found design unit 1: Uart_tx_Rom-ab File: C:/Final_Project/The_Final_Project/Card_A/Uart_tx_Rom/Uart_tx_Rom.vhd Line: 15
    Info (12023): Found entity 1: Uart_tx_Rom File: C:/Final_Project/The_Final_Project/Card_A/Uart_tx_Rom/Uart_tx_Rom.vhd Line: 6
Info (12021): Found 2 design units, including 1 entities, in source file /final_project/the_final_project/card_a/uart_rx/uart_rx.vhdl
    Info (12022): Found design unit 1: Uart_rx-ab File: C:/Final_Project/The_Final_Project/Card_A/Uart_rx/Uart_rx.vhdl Line: 18
    Info (12023): Found entity 1: Uart_rx File: C:/Final_Project/The_Final_Project/Card_A/Uart_rx/Uart_rx.vhdl Line: 6
Info (12021): Found 1 design units, including 1 entities, in source file /final_project/the_final_project/card_a/rom_x/rom_x.v
    Info (12023): Found entity 1: Rom_X File: C:/Final_Project/The_Final_Project/Card_A/Rom_X/Rom_X.v Line: 40
Info (12021): Found 1 design units, including 1 entities, in source file /final_project/the_final_project/card_a/ram2_x/ram2_x.v
    Info (12023): Found entity 1: Ram2_X File: C:/Final_Project/The_Final_Project/Card_A/Ram2_X/Ram2_X.v Line: 40
Info (12021): Found 2 design units, including 1 entities, in source file /final_project/the_final_project/card_a/biphase_tx/biphase_tx.vhdl
    Info (12022): Found design unit 1: BiPhase_tx-ab File: C:/Final_Project/The_Final_Project/Card_A/BiPhase_tx/BiPhase_tx.vhdl Line: 22
    Info (12023): Found entity 1: BiPhase_tx File: C:/Final_Project/The_Final_Project/Card_A/BiPhase_tx/BiPhase_tx.vhdl Line: 6
Info (12021): Found 2 design units, including 1 entities, in source file card_a_design.vhdl
    Info (12022): Found design unit 1: Card_A_Design-ab File: C:/Final_Project/The_Final_Project/Card_A/Card_A_Design/Card_A_Design.vhdl Line: 18
    Info (12023): Found entity 1: Card_A_Design File: C:/Final_Project/The_Final_Project/Card_A/Card_A_Design/Card_A_Design.vhdl Line: 6
Info (12127): Elaborating entity "Card_A_Design" for the top level hierarchy
Info (12128): Elaborating entity "BiPhase_tx" for hierarchy "BiPhase_tx:biphase" File: C:/Final_Project/The_Final_Project/Card_A/Card_A_Design/Card_A_Design.vhdl Line: 90
Info (12128): Elaborating entity "Uart_tx_Rom" for hierarchy "Uart_tx_Rom:tx" File: C:/Final_Project/The_Final_Project/Card_A/Card_A_Design/Card_A_Design.vhdl Line: 106
Info (12128): Elaborating entity "Rom_X" for hierarchy "Uart_tx_Rom:tx|Rom_X:dut" File: C:/Final_Project/The_Final_Project/Card_A/Uart_tx_Rom/Uart_tx_Rom.vhd Line: 46
Info (12128): Elaborating entity "altsyncram" for hierarchy "Uart_tx_Rom:tx|Rom_X:dut|altsyncram:altsyncram_component" File: C:/Final_Project/The_Final_Project/Card_A/Rom_X/Rom_X.v Line: 82
Info (12130): Elaborated megafunction instantiation "Uart_tx_Rom:tx|Rom_X:dut|altsyncram:altsyncram_component" File: C:/Final_Project/The_Final_Project/Card_A/Rom_X/Rom_X.v Line: 82
Info (12133): Instantiated megafunction "Uart_tx_Rom:tx|Rom_X:dut|altsyncram:altsyncram_component" with the following parameter: File: C:/Final_Project/The_Final_Project/Card_A/Rom_X/Rom_X.v Line: 82
    Info (12134): Parameter "address_aclr_a" = "NONE"
    Info (12134): Parameter "clock_enable_input_a" = "BYPASS"
    Info (12134): Parameter "clock_enable_output_a" = "BYPASS"
    Info (12134): Parameter "init_file" = "Rom_X_data.mif"
    Info (12134): Parameter "intended_device_family" = "Cyclone IV E"
    Info (12134): Parameter "lpm_hint" = "ENABLE_RUNTIME_MOD=NO"
    Info (12134): Parameter "lpm_type" = "altsyncram"
    Info (12134): Parameter "numwords_a" = "32"
    Info (12134): Parameter "operation_mode" = "ROM"
    Info (12134): Parameter "outdata_aclr_a" = "NONE"
    Info (12134): Parameter "outdata_reg_a" = "CLOCK0"
    Info (12134): Parameter "widthad_a" = "5"
    Info (12134): Parameter "width_a" = "8"
    Info (12134): Parameter "width_byteena_a" = "1"
Info (12021): Found 1 design units, including 1 entities, in source file db/altsyncram_pt81.tdf
    Info (12023): Found entity 1: altsyncram_pt81 File: C:/Final_Project/The_Final_Project/Card_A/Card_A_Design/db/altsyncram_pt81.tdf Line: 28
Info (12128): Elaborating entity "altsyncram_pt81" for hierarchy "Uart_tx_Rom:tx|Rom_X:dut|altsyncram:altsyncram_component|altsyncram_pt81:auto_generated" File: c:/final_project/quartus/libraries/megafunctions/altsyncram.tdf Line: 792
Info (12128): Elaborating entity "Uart_rx" for hierarchy "Uart_rx:rx" File: C:/Final_Project/The_Final_Project/Card_A/Card_A_Design/Card_A_Design.vhdl Line: 116
Info (12128): Elaborating entity "Ram2_X" for hierarchy "Ram2_X:memory" File: C:/Final_Project/The_Final_Project/Card_A/Card_A_Design/Card_A_Design.vhdl Line: 129
Info (12128): Elaborating entity "altsyncram" for hierarchy "Ram2_X:memory|altsyncram:altsyncram_component" File: C:/Final_Project/The_Final_Project/Card_A/Ram2_X/Ram2_X.v Line: 92
Info (12130): Elaborated megafunction instantiation "Ram2_X:memory|altsyncram:altsyncram_component" File: C:/Final_Project/The_Final_Project/Card_A/Ram2_X/Ram2_X.v Line: 92
Info (12133): Instantiated megafunction "Ram2_X:memory|altsyncram:altsyncram_component" with the following parameter: File: C:/Final_Project/The_Final_Project/Card_A/Ram2_X/Ram2_X.v Line: 92
    Info (12134): Parameter "address_aclr_b" = "NONE"
    Info (12134): Parameter "address_reg_b" = "CLOCK0"
    Info (12134): Parameter "clock_enable_input_a" = "BYPASS"
    Info (12134): Parameter "clock_enable_input_b" = "BYPASS"
    Info (12134): Parameter "clock_enable_output_b" = "BYPASS"
    Info (12134): Parameter "init_file" = "Ram2_X_data.mif"
    Info (12134): Parameter "intended_device_family" = "MAX 10"
    Info (12134): Parameter "lpm_type" = "altsyncram"
    Info (12134): Parameter "numwords_a" = "64"
    Info (12134): Parameter "numwords_b" = "64"
    Info (12134): Parameter "operation_mode" = "DUAL_PORT"
    Info (12134): Parameter "outdata_aclr_b" = "NONE"
    Info (12134): Parameter "outdata_reg_b" = "CLOCK0"
    Info (12134): Parameter "power_up_uninitialized" = "FALSE"
    Info (12134): Parameter "rdcontrol_reg_b" = "CLOCK0"
    Info (12134): Parameter "read_during_write_mode_mixed_ports" = "DONT_CARE"
    Info (12134): Parameter "widthad_a" = "6"
    Info (12134): Parameter "widthad_b" = "6"
    Info (12134): Parameter "width_a" = "8"
    Info (12134): Parameter "width_b" = "8"
    Info (12134): Parameter "width_byteena_a" = "1"
Info (12021): Found 1 design units, including 1 entities, in source file db/altsyncram_64s1.tdf
    Info (12023): Found entity 1: altsyncram_64s1 File: C:/Final_Project/The_Final_Project/Card_A/Card_A_Design/db/altsyncram_64s1.tdf Line: 28
Info (12128): Elaborating entity "altsyncram_64s1" for hierarchy "Ram2_X:memory|altsyncram:altsyncram_component|altsyncram_64s1:auto_generated" File: c:/final_project/quartus/libraries/megafunctions/altsyncram.tdf Line: 792
Info (13000): Registers with preset signals will power-up high File: C:/Final_Project/The_Final_Project/Card_A/BiPhase_tx/BiPhase_tx.vhdl Line: 45
Info (13003): DEV_CLRn pin will set, and not reset, register with preset signal due to NOT Gate Push-Back
Info (286030): Timing-Driven Synthesis is running
Info (16010): Generating hard_block partition "hard_block:auto_generated_inst"
    Info (16011): Adding 0 node(s), including 0 DDIO, 0 PLL, 0 transceiver and 0 LCELL
Info (21057): Implemented 295 device resources after synthesis - the final resource count might be different
    Info (21058): Implemented 2 input pins
    Info (21059): Implemented 1 output pins
    Info (21061): Implemented 276 logic cells
    Info (21064): Implemented 16 RAM segments
Info: Quartus Prime Analysis & Synthesis was successful. 0 errors, 0 warnings
    Info: Peak virtual memory: 4807 megabytes
    Info: Processing ended: Tue Sep 19 15:26:37 2023
    Info: Elapsed time: 00:00:08
    Info: Total CPU time (on all processors): 00:00:15


