Assembler report for Card_A_Design_Python
Mon Sep 11 11:14:42 2023
Quartus Prime Version 22.1std.0 Build 915 10/25/2022 SC Lite Edition


---------------------
; Table of Contents ;
---------------------
  1. Legal Notice
  2. Assembler Summary
  3. Assembler Settings
  4. Assembler Generated Files
  5. Assembler Device Options: C:/Final_Project/The_Final_Project/Card_A/Card_A_Design_Python/output_files/Card_A_Design_Python.sof
  6. Assembler Messages



----------------
; Legal Notice ;
----------------
Copyright (C) 2022  Intel Corporation. All rights reserved.
Your use of Intel Corporation's design tools, logic functions 
and other software and tools, and any partner logic 
functions, and any output files from any of the foregoing 
(including device programming or simulation files), and any 
associated documentation or information are expressly subject 
to the terms and conditions of the Intel Program License 
Subscription Agreement, the Intel Quartus Prime License Agreement,
the Intel FPGA IP License Agreement, or other applicable license
agreement, including, without limitation, that your use is for
the sole purpose of programming logic devices manufactured by
Intel and sold by Intel or its authorized distributors.  Please
refer to the applicable agreement for further details, at
https://fpgasoftware.intel.com/eula.



+---------------------------------------------------------------+
; Assembler Summary                                             ;
+-----------------------+---------------------------------------+
; Assembler Status      ; Successful - Mon Sep 11 11:14:42 2023 ;
; Revision Name         ; Card_A_Design_Python                  ;
; Top-level Entity Name ; Card_A_Design_Python                  ;
; Family                ; MAX 10                                ;
; Device                ; 10M50DAF484C7G                        ;
+-----------------------+---------------------------------------+


+----------------------------------+
; Assembler Settings               ;
+--------+---------+---------------+
; Option ; Setting ; Default Value ;
+--------+---------+---------------+


+------------------------------------------------------------------------------------------------------+
; Assembler Generated Files                                                                            ;
+------------------------------------------------------------------------------------------------------+
; File Name                                                                                            ;
+------------------------------------------------------------------------------------------------------+
; C:/Final_Project/The_Final_Project/Card_A/Card_A_Design_Python/output_files/Card_A_Design_Python.sof ;
+------------------------------------------------------------------------------------------------------+


+--------------------------------------------------------------------------------------------------------------------------------+
; Assembler Device Options: C:/Final_Project/The_Final_Project/Card_A/Card_A_Design_Python/output_files/Card_A_Design_Python.sof ;
+----------------+---------------------------------------------------------------------------------------------------------------+
; Option         ; Setting                                                                                                       ;
+----------------+---------------------------------------------------------------------------------------------------------------+
; JTAG usercode  ; 0x0028B3E2                                                                                                    ;
; Checksum       ; 0x0028B3E2                                                                                                    ;
+----------------+---------------------------------------------------------------------------------------------------------------+


+--------------------+
; Assembler Messages ;
+--------------------+
Info: *******************************************************************
Info: Running Quartus Prime Assembler
    Info: Version 22.1std.0 Build 915 10/25/2022 SC Lite Edition
    Info: Processing started: Mon Sep 11 11:14:39 2023
Info: Command: quartus_asm --read_settings_files=off --write_settings_files=off Card_A_Design_Python -c Card_A_Design_Python
Info (115031): Writing out detailed assembly data for power analysis
Info (115030): Assembler is generating device programming files
Info: Quartus Prime Assembler was successful. 0 errors, 0 warnings
    Info: Peak virtual memory: 4717 megabytes
    Info: Processing ended: Mon Sep 11 11:14:42 2023
    Info: Elapsed time: 00:00:03
    Info: Total CPU time (on all processors): 00:00:02


