Analysis & Synthesis report for Top_Design
Thu Oct 19 19:17:32 2023
Quartus Prime Version 22.1std.0 Build 915 10/25/2022 SC Lite Edition


---------------------
; Table of Contents ;
---------------------
  1. Legal Notice
  2. Analysis & Synthesis Summary
  3. Analysis & Synthesis Settings
  4. Parallel Compilation
  5. Analysis & Synthesis Source Files Read
  6. Analysis & Synthesis Resource Usage Summary
  7. Analysis & Synthesis Resource Utilization by Entity
  8. Analysis & Synthesis RAM Summary
  9. Analysis & Synthesis IP Cores Summary
 10. State Machine - |Top_Design|Card_B_Design:Card_B|RGB:RGB_Leds|state_leds
 11. State Machine - |Top_Design|Card_B_Design:Card_B|Data_Orgenizer:DO|state_Do
 12. State Machine - |Top_Design|Card_B_Design:Card_B|CRC8BIT:CRC8|state_crc
 13. State Machine - |Top_Design|Card_A_Design_Python:Card_A|Uart_rx:rx|state_rx
 14. State Machine - |Top_Design|Card_A_Design_Python:Card_A|Uart_tx_Constant:tx|state_tx
 15. State Machine - |Top_Design|Card_A_Design_Python:Card_A|BiPhase_tx:biphase|state_mini
 16. State Machine - |Top_Design|Card_A_Design_Python:Card_A|BiPhase_tx:biphase|state_bi
 17. Registers Removed During Synthesis
 18. Removed Registers Triggering Further Register Optimizations
 19. General Register Statistics
 20. Inverted Register Statistics
 21. Multiplexer Restructuring Statistics (Restructuring Performed)
 22. Source assignments for Card_A_Design_Python:Card_A|Ram2_X:memory|altsyncram:altsyncram_component|altsyncram_64s1:auto_generated
 23. Parameter Settings for User Entity Instance: Card_A_Design_Python:Card_A|Ram2_X:memory|altsyncram:altsyncram_component
 24. altsyncram Parameter Settings by Entity Instance
 25. Post-Synthesis Netlist Statistics for Top Partition
 26. Elapsed Time Per Partition
 27. Analysis & Synthesis Messages



----------------
; Legal Notice ;
----------------
Copyright (C) 2022  Intel Corporation. All rights reserved.
Your use of Intel Corporation's design tools, logic functions 
and other software and tools, and any partner logic 
functions, and any output files from any of the foregoing 
(including device programming or simulation files), and any 
associated documentation or information are expressly subject 
to the terms and conditions of the Intel Program License 
Subscription Agreement, the Intel Quartus Prime License Agreement,
the Intel FPGA IP License Agreement, or other applicable license
agreement, including, without limitation, that your use is for
the sole purpose of programming logic devices manufactured by
Intel and sold by Intel or its authorized distributors.  Please
refer to the applicable agreement for further details, at
https://fpgasoftware.intel.com/eula.



+-------------------------------------------------------------------------------------+
; Analysis & Synthesis Summary                                                        ;
+------------------------------------+------------------------------------------------+
; Analysis & Synthesis Status        ; Successful - Thu Oct 19 19:17:32 2023          ;
; Quartus Prime Version              ; 22.1std.0 Build 915 10/25/2022 SC Lite Edition ;
; Revision Name                      ; Top_Design                                     ;
; Top-level Entity Name              ; Top_Design                                     ;
; Family                             ; MAX 10                                         ;
; Total logic elements               ; 1,155                                          ;
;     Total combinational functions  ; 851                                            ;
;     Dedicated logic registers      ; 905                                            ;
; Total registers                    ; 905                                            ;
; Total pins                         ; 10                                             ;
; Total virtual pins                 ; 0                                              ;
; Total memory bits                  ; 512                                            ;
; Embedded Multiplier 9-bit elements ; 0                                              ;
; Total PLLs                         ; 0                                              ;
; UFM blocks                         ; 0                                              ;
; ADC blocks                         ; 0                                              ;
+------------------------------------+------------------------------------------------+


+------------------------------------------------------------------------------------------------------------+
; Analysis & Synthesis Settings                                                                              ;
+------------------------------------------------------------------+--------------------+--------------------+
; Option                                                           ; Setting            ; Default Value      ;
+------------------------------------------------------------------+--------------------+--------------------+
; Device                                                           ; 10M50DAF484C7G     ;                    ;
; Top-level entity name                                            ; Top_Design         ; Top_Design         ;
; Family name                                                      ; MAX 10             ; Cyclone V          ;
; Maximum processors allowed for parallel compilation              ; 4                  ;                    ;
; Use smart compilation                                            ; Off                ; Off                ;
; Enable parallel Assembler and Timing Analyzer during compilation ; On                 ; On                 ;
; Enable compact report table                                      ; Off                ; Off                ;
; Restructure Multiplexers                                         ; Auto               ; Auto               ;
; Create Debugging Nodes for IP Cores                              ; Off                ; Off                ;
; Preserve fewer node names                                        ; On                 ; On                 ;
; Intel FPGA IP Evaluation Mode                                    ; Enable             ; Enable             ;
; Verilog Version                                                  ; Verilog_2001       ; Verilog_2001       ;
; VHDL Version                                                     ; VHDL_1993          ; VHDL_1993          ;
; State Machine Processing                                         ; Auto               ; Auto               ;
; Safe State Machine                                               ; Off                ; Off                ;
; Extract Verilog State Machines                                   ; On                 ; On                 ;
; Extract VHDL State Machines                                      ; On                 ; On                 ;
; Ignore Verilog initial constructs                                ; Off                ; Off                ;
; Iteration limit for constant Verilog loops                       ; 5000               ; 5000               ;
; Iteration limit for non-constant Verilog loops                   ; 250                ; 250                ;
; Add Pass-Through Logic to Inferred RAMs                          ; On                 ; On                 ;
; Infer RAMs from Raw Logic                                        ; On                 ; On                 ;
; Parallel Synthesis                                               ; On                 ; On                 ;
; DSP Block Balancing                                              ; Auto               ; Auto               ;
; NOT Gate Push-Back                                               ; On                 ; On                 ;
; Power-Up Don't Care                                              ; On                 ; On                 ;
; Remove Redundant Logic Cells                                     ; Off                ; Off                ;
; Remove Duplicate Registers                                       ; On                 ; On                 ;
; Ignore CARRY Buffers                                             ; Off                ; Off                ;
; Ignore CASCADE Buffers                                           ; Off                ; Off                ;
; Ignore GLOBAL Buffers                                            ; Off                ; Off                ;
; Ignore ROW GLOBAL Buffers                                        ; Off                ; Off                ;
; Ignore LCELL Buffers                                             ; Off                ; Off                ;
; Ignore SOFT Buffers                                              ; On                 ; On                 ;
; Limit AHDL Integers to 32 Bits                                   ; Off                ; Off                ;
; Optimization Technique                                           ; Balanced           ; Balanced           ;
; Carry Chain Length                                               ; 70                 ; 70                 ;
; Auto Carry Chains                                                ; On                 ; On                 ;
; Auto Open-Drain Pins                                             ; On                 ; On                 ;
; Perform WYSIWYG Primitive Resynthesis                            ; Off                ; Off                ;
; Auto ROM Replacement                                             ; On                 ; On                 ;
; Auto RAM Replacement                                             ; On                 ; On                 ;
; Auto DSP Block Replacement                                       ; On                 ; On                 ;
; Auto Shift Register Replacement                                  ; Auto               ; Auto               ;
; Allow Shift Register Merging across Hierarchies                  ; Auto               ; Auto               ;
; Auto Clock Enable Replacement                                    ; On                 ; On                 ;
; Strict RAM Replacement                                           ; Off                ; Off                ;
; Allow Synchronous Control Signals                                ; On                 ; On                 ;
; Force Use of Synchronous Clear Signals                           ; Off                ; Off                ;
; Auto RAM Block Balancing                                         ; On                 ; On                 ;
; Auto RAM to Logic Cell Conversion                                ; Off                ; Off                ;
; Auto Resource Sharing                                            ; Off                ; Off                ;
; Allow Any RAM Size For Recognition                               ; Off                ; Off                ;
; Allow Any ROM Size For Recognition                               ; Off                ; Off                ;
; Allow Any Shift Register Size For Recognition                    ; Off                ; Off                ;
; Use LogicLock Constraints during Resource Balancing              ; On                 ; On                 ;
; Ignore translate_off and synthesis_off directives                ; Off                ; Off                ;
; Timing-Driven Synthesis                                          ; On                 ; On                 ;
; Report Parameter Settings                                        ; On                 ; On                 ;
; Report Source Assignments                                        ; On                 ; On                 ;
; Report Connectivity Checks                                       ; On                 ; On                 ;
; Ignore Maximum Fan-Out Assignments                               ; Off                ; Off                ;
; Synchronization Register Chain Length                            ; 2                  ; 2                  ;
; Power Optimization During Synthesis                              ; Normal compilation ; Normal compilation ;
; HDL message level                                                ; Level2             ; Level2             ;
; Suppress Register Optimization Related Messages                  ; Off                ; Off                ;
; Number of Removed Registers Reported in Synthesis Report         ; 5000               ; 5000               ;
; Number of Swept Nodes Reported in Synthesis Report               ; 5000               ; 5000               ;
; Number of Inverted Registers Reported in Synthesis Report        ; 100                ; 100                ;
; Clock MUX Protection                                             ; On                 ; On                 ;
; Auto Gated Clock Conversion                                      ; Off                ; Off                ;
; Block Design Naming                                              ; Auto               ; Auto               ;
; SDC constraint protection                                        ; Off                ; Off                ;
; Synthesis Effort                                                 ; Auto               ; Auto               ;
; Shift Register Replacement - Allow Asynchronous Clear Signal     ; On                 ; On                 ;
; Pre-Mapping Resynthesis Optimization                             ; Off                ; Off                ;
; Analysis & Synthesis Message Level                               ; Medium             ; Medium             ;
; Disable Register Merging Across Hierarchies                      ; Auto               ; Auto               ;
; Resource Aware Inference For Block RAM                           ; On                 ; On                 ;
+------------------------------------------------------------------+--------------------+--------------------+


+------------------------------------------+
; Parallel Compilation                     ;
+----------------------------+-------------+
; Processors                 ; Number      ;
+----------------------------+-------------+
; Number detected on machine ; 12          ;
; Maximum allowed            ; 4           ;
;                            ;             ;
; Average used               ; 1.00        ;
; Maximum used               ; 4           ;
;                            ;             ;
; Usage by Processor         ; % Time Used ;
;     Processor 1            ; 100.0%      ;
;     Processor 2            ;   0.0%      ;
;     Processor 3            ;   0.0%      ;
;     Processor 4            ;   0.0%      ;
+----------------------------+-------------+


+-----------------------------------------------------------------------------------------------------------------------------------------------------------------------------------------------------------------------------+
; Analysis & Synthesis Source Files Read                                                                                                                                                                                      ;
+-------------------------------------------------------------+-----------------+----------------------------------------+------------------------------------------------------------------------------------------+---------+
; File Name with User-Entered Path                            ; Used in Netlist ; File Type                              ; File Name with Absolute Path                                                             ; Library ;
+-------------------------------------------------------------+-----------------+----------------------------------------+------------------------------------------------------------------------------------------+---------+
; ../../Card_B/Simple_BS/Simple_BS.vhdl                       ; yes             ; User VHDL File                         ; C:/Final_Project/The_Final_Project/Card_B/Simple_BS/Simple_BS.vhdl                       ;         ;
; ../../Card_B/RGB/RGB.vhdl                                   ; yes             ; User VHDL File                         ; C:/Final_Project/The_Final_Project/Card_B/RGB/RGB.vhdl                                   ;         ;
; ../../Card_B/Data_Orgenizer/Data_Orgenizer.vhdl             ; yes             ; User VHDL File                         ; C:/Final_Project/The_Final_Project/Card_B/Data_Orgenizer/Data_Orgenizer.vhdl             ;         ;
; ../../Card_B/CRC8BIT/CRC8BIT.vhdl                           ; yes             ; User VHDL File                         ; C:/Final_Project/The_Final_Project/Card_B/CRC8BIT/CRC8BIT.vhdl                           ;         ;
; ../../Card_B/BS_Filter/BS_Filter.vhdl                       ; yes             ; User VHDL File                         ; C:/Final_Project/The_Final_Project/Card_B/BS_Filter/BS_Filter.vhdl                       ;         ;
; ../../Card_A/Uart_tx_Constant/Uart_tx_Constant.vhd          ; yes             ; User VHDL File                         ; C:/Final_Project/The_Final_Project/Card_A/Uart_tx_Constant/Uart_tx_Constant.vhd          ;         ;
; ../../Card_A/Uart_rx/Uart_rx.vhdl                           ; yes             ; User VHDL File                         ; C:/Final_Project/The_Final_Project/Card_A/Uart_rx/Uart_rx.vhdl                           ;         ;
; ../../Card_A/Ram2_X/Ram2_X.v                                ; yes             ; User Wizard-Generated File             ; C:/Final_Project/The_Final_Project/Card_A/Ram2_X/Ram2_X.v                                ;         ;
; ../../Card_A/BiPhase_tx/BiPhase_tx.vhdl                     ; yes             ; User VHDL File                         ; C:/Final_Project/The_Final_Project/Card_A/BiPhase_tx/BiPhase_tx.vhdl                     ;         ;
; ../../Card_B/Card_B_Design/Card_B_Design.vhdl               ; yes             ; User VHDL File                         ; C:/Final_Project/The_Final_Project/Card_B/Card_B_Design/Card_B_Design.vhdl               ;         ;
; ../../Card_A/Card_A_Design_Python/Card_A_Design_Python.vhdl ; yes             ; User VHDL File                         ; C:/Final_Project/The_Final_Project/Card_A/Card_A_Design_Python/Card_A_Design_Python.vhdl ;         ;
; Top_Design.vhdl                                             ; yes             ; User VHDL File                         ; C:/Final_Project/The_Final_Project/Tools/Top_Design/Top_Design.vhdl                      ;         ;
; altsyncram.tdf                                              ; yes             ; Megafunction                           ; c:/final_project/quartus/libraries/megafunctions/altsyncram.tdf                          ;         ;
; stratix_ram_block.inc                                       ; yes             ; Megafunction                           ; c:/final_project/quartus/libraries/megafunctions/stratix_ram_block.inc                   ;         ;
; lpm_mux.inc                                                 ; yes             ; Megafunction                           ; c:/final_project/quartus/libraries/megafunctions/lpm_mux.inc                             ;         ;
; lpm_decode.inc                                              ; yes             ; Megafunction                           ; c:/final_project/quartus/libraries/megafunctions/lpm_decode.inc                          ;         ;
; aglobal221.inc                                              ; yes             ; Megafunction                           ; c:/final_project/quartus/libraries/megafunctions/aglobal221.inc                          ;         ;
; a_rdenreg.inc                                               ; yes             ; Megafunction                           ; c:/final_project/quartus/libraries/megafunctions/a_rdenreg.inc                           ;         ;
; altrom.inc                                                  ; yes             ; Megafunction                           ; c:/final_project/quartus/libraries/megafunctions/altrom.inc                              ;         ;
; altram.inc                                                  ; yes             ; Megafunction                           ; c:/final_project/quartus/libraries/megafunctions/altram.inc                              ;         ;
; altdpram.inc                                                ; yes             ; Megafunction                           ; c:/final_project/quartus/libraries/megafunctions/altdpram.inc                            ;         ;
; db/altsyncram_64s1.tdf                                      ; yes             ; Auto-Generated Megafunction            ; C:/Final_Project/The_Final_Project/Tools/Top_Design/db/altsyncram_64s1.tdf               ;         ;
; ../../Card_A/Ram2_X/Ram2_X_data.mif                         ; yes             ; Auto-Found Memory Initialization File  ; C:/Final_Project/The_Final_Project/Card_A/Ram2_X/Ram2_X_data.mif                         ;         ;
+-------------------------------------------------------------+-----------------+----------------------------------------+------------------------------------------------------------------------------------------+---------+


+------------------------------------------------------------+
; Analysis & Synthesis Resource Usage Summary                ;
+---------------------------------------------+--------------+
; Resource                                    ; Usage        ;
+---------------------------------------------+--------------+
; Estimated Total logic elements              ; 1,155        ;
;                                             ;              ;
; Total combinational functions               ; 851          ;
; Logic element usage by number of LUT inputs ;              ;
;     -- 4 input functions                    ; 219          ;
;     -- 3 input functions                    ; 168          ;
;     -- <=2 input functions                  ; 464          ;
;                                             ;              ;
; Logic elements by mode                      ;              ;
;     -- normal mode                          ; 468          ;
;     -- arithmetic mode                      ; 383          ;
;                                             ;              ;
; Total registers                             ; 905          ;
;     -- Dedicated logic registers            ; 905          ;
;     -- I/O registers                        ; 0            ;
;                                             ;              ;
; I/O pins                                    ; 10           ;
; Total memory bits                           ; 512          ;
;                                             ;              ;
; Embedded Multiplier 9-bit elements          ; 0            ;
;                                             ;              ;
; Maximum fan-out node                        ; sysclk~input ;
; Maximum fan-out                             ; 913          ;
; Total fan-out                               ; 5901         ;
; Average fan-out                             ; 3.31         ;
+---------------------------------------------+--------------+


+----------------------------------------------------------------------------------------------------------------------------------------------------------------------------------------------------------------------------------------------------------------------------------------------------------------------------------------------------------------+
; Analysis & Synthesis Resource Utilization by Entity                                                                                                                                                                                                                                                                                                            ;
+----------------------------------------------+---------------------+---------------------------+-------------+------------+--------------+---------+-----------+------+--------------+------------+----------------------------------------------------------------------------------------------------------------------+----------------------+--------------+
; Compilation Hierarchy Node                   ; Combinational ALUTs ; Dedicated Logic Registers ; Memory Bits ; UFM Blocks ; DSP Elements ; DSP 9x9 ; DSP 18x18 ; Pins ; Virtual Pins ; ADC blocks ; Full Hierarchy Name                                                                                                  ; Entity Name          ; Library Name ;
+----------------------------------------------+---------------------+---------------------------+-------------+------------+--------------+---------+-----------+------+--------------+------------+----------------------------------------------------------------------------------------------------------------------+----------------------+--------------+
; |Top_Design                                  ; 851 (0)             ; 905 (0)                   ; 512         ; 0          ; 0            ; 0       ; 0         ; 10   ; 0            ; 0          ; |Top_Design                                                                                                          ; Top_Design           ; work         ;
;    |Card_A_Design_Python:Card_A|             ; 186 (0)             ; 169 (0)                   ; 512         ; 0          ; 0            ; 0       ; 0         ; 0    ; 0            ; 0          ; |Top_Design|Card_A_Design_Python:Card_A                                                                              ; Card_A_Design_Python ; work         ;
;       |BiPhase_tx:biphase|                   ; 44 (44)             ; 56 (56)                   ; 0           ; 0          ; 0            ; 0       ; 0         ; 0    ; 0            ; 0          ; |Top_Design|Card_A_Design_Python:Card_A|BiPhase_tx:biphase                                                           ; BiPhase_tx           ; work         ;
;       |Ram2_X:memory|                        ; 1 (0)               ; 1 (0)                     ; 512         ; 0          ; 0            ; 0       ; 0         ; 0    ; 0            ; 0          ; |Top_Design|Card_A_Design_Python:Card_A|Ram2_X:memory                                                                ; Ram2_X               ; work         ;
;          |altsyncram:altsyncram_component|   ; 1 (0)               ; 1 (0)                     ; 512         ; 0          ; 0            ; 0       ; 0         ; 0    ; 0            ; 0          ; |Top_Design|Card_A_Design_Python:Card_A|Ram2_X:memory|altsyncram:altsyncram_component                                ; altsyncram           ; work         ;
;             |altsyncram_64s1:auto_generated| ; 1 (1)               ; 1 (1)                     ; 512         ; 0          ; 0            ; 0       ; 0         ; 0    ; 0            ; 0          ; |Top_Design|Card_A_Design_Python:Card_A|Ram2_X:memory|altsyncram:altsyncram_component|altsyncram_64s1:auto_generated ; altsyncram_64s1      ; work         ;
;       |Uart_rx:rx|                           ; 87 (87)             ; 78 (78)                   ; 0           ; 0          ; 0            ; 0       ; 0         ; 0    ; 0            ; 0          ; |Top_Design|Card_A_Design_Python:Card_A|Uart_rx:rx                                                                   ; Uart_rx              ; work         ;
;       |Uart_tx_Constant:tx|                  ; 54 (54)             ; 34 (34)                   ; 0           ; 0          ; 0            ; 0       ; 0         ; 0    ; 0            ; 0          ; |Top_Design|Card_A_Design_Python:Card_A|Uart_tx_Constant:tx                                                          ; Uart_tx_Constant     ; work         ;
;    |Card_B_Design:Card_B|                    ; 665 (0)             ; 736 (0)                   ; 0           ; 0          ; 0            ; 0       ; 0         ; 0    ; 0            ; 0          ; |Top_Design|Card_B_Design:Card_B                                                                                     ; Card_B_Design        ; work         ;
;       |BS_Filter:Filter|                     ; 10 (10)             ; 17 (17)                   ; 0           ; 0          ; 0            ; 0       ; 0         ; 0    ; 0            ; 0          ; |Top_Design|Card_B_Design:Card_B|BS_Filter:Filter                                                                    ; BS_Filter            ; work         ;
;       |CRC8BIT:CRC8|                         ; 35 (35)             ; 54 (54)                   ; 0           ; 0          ; 0            ; 0       ; 0         ; 0    ; 0            ; 0          ; |Top_Design|Card_B_Design:Card_B|CRC8BIT:CRC8                                                                        ; CRC8BIT              ; work         ;
;       |Data_Orgenizer:DO|                    ; 166 (166)           ; 316 (316)                 ; 0           ; 0          ; 0            ; 0       ; 0         ; 0    ; 0            ; 0          ; |Top_Design|Card_B_Design:Card_B|Data_Orgenizer:DO                                                                   ; Data_Orgenizer       ; work         ;
;       |RGB:RGB_Leds|                         ; 425 (425)           ; 325 (325)                 ; 0           ; 0          ; 0            ; 0       ; 0         ; 0    ; 0            ; 0          ; |Top_Design|Card_B_Design:Card_B|RGB:RGB_Leds                                                                        ; RGB                  ; work         ;
;       |Simple_BS:Simple|                     ; 29 (29)             ; 24 (24)                   ; 0           ; 0          ; 0            ; 0       ; 0         ; 0    ; 0            ; 0          ; |Top_Design|Card_B_Design:Card_B|Simple_BS:Simple                                                                    ; Simple_BS            ; work         ;
+----------------------------------------------+---------------------+---------------------------+-------------+------------+--------------+---------+-----------+------+--------------+------------+----------------------------------------------------------------------------------------------------------------------+----------------------+--------------+
Note: For table entries with two numbers listed, the numbers in parentheses indicate the number of resources of the given type used by the specific entity alone. The numbers listed outside of parentheses indicate the total resources of the given type used by the specific entity and all of its sub-entities in the hierarchy.


+------------------------------------------------------------------------------------------------------------------------------------------------------------------------------------------------------------------------------------+
; Analysis & Synthesis RAM Summary                                                                                                                                                                                                   ;
+---------------------------------------------------------------------------------------------------------------------+------+------------------+--------------+--------------+--------------+--------------+------+-----------------+
; Name                                                                                                                ; Type ; Mode             ; Port A Depth ; Port A Width ; Port B Depth ; Port B Width ; Size ; MIF             ;
+---------------------------------------------------------------------------------------------------------------------+------+------------------+--------------+--------------+--------------+--------------+------+-----------------+
; Card_A_Design_Python:Card_A|Ram2_X:memory|altsyncram:altsyncram_component|altsyncram_64s1:auto_generated|ALTSYNCRAM ; AUTO ; Simple Dual Port ; 64           ; 8            ; 64           ; 8            ; 512  ; Ram2_X_data.mif ;
+---------------------------------------------------------------------------------------------------------------------+------+------------------+--------------+--------------+--------------+--------------+------+-----------------+


+------------------------------------------------------------------------------------------------------------------------------------------------------+
; Analysis & Synthesis IP Cores Summary                                                                                                                ;
+--------+--------------+---------+--------------+--------------+-------------------------------------------------------+------------------------------+
; Vendor ; IP Core Name ; Version ; Release Date ; License Type ; Entity Instance                                       ; IP Include File              ;
+--------+--------------+---------+--------------+--------------+-------------------------------------------------------+------------------------------+
; Altera ; RAM: 2-PORT  ; 22.1    ; N/A          ; N/A          ; |Top_Design|Card_A_Design_Python:Card_A|Ram2_X:memory ; ../../Card_A/Ram2_X/Ram2_X.v ;
+--------+--------------+---------+--------------+--------------+-------------------------------------------------------+------------------------------+


Encoding Type:  One-Hot
+-------------------------------------------------------------------------------------------------------------------------------------------------------------------------------------------------+
; State Machine - |Top_Design|Card_B_Design:Card_B|RGB:RGB_Leds|state_leds                                                                                                                        ;
+----------------+---------------+---------------+---------------+---------------+----------------+---------------+---------------+---------------+---------------+---------------+---------------+
; Name           ; state_leds.s9 ; state_leds.s8 ; state_leds.s7 ; state_leds.s6 ; state_leds.s5a ; state_leds.s5 ; state_leds.s4 ; state_leds.s3 ; state_leds.s2 ; state_leds.s1 ; state_leds.s0 ;
+----------------+---------------+---------------+---------------+---------------+----------------+---------------+---------------+---------------+---------------+---------------+---------------+
; state_leds.s0  ; 0             ; 0             ; 0             ; 0             ; 0              ; 0             ; 0             ; 0             ; 0             ; 0             ; 0             ;
; state_leds.s1  ; 0             ; 0             ; 0             ; 0             ; 0              ; 0             ; 0             ; 0             ; 0             ; 1             ; 1             ;
; state_leds.s2  ; 0             ; 0             ; 0             ; 0             ; 0              ; 0             ; 0             ; 0             ; 1             ; 0             ; 1             ;
; state_leds.s3  ; 0             ; 0             ; 0             ; 0             ; 0              ; 0             ; 0             ; 1             ; 0             ; 0             ; 1             ;
; state_leds.s4  ; 0             ; 0             ; 0             ; 0             ; 0              ; 0             ; 1             ; 0             ; 0             ; 0             ; 1             ;
; state_leds.s5  ; 0             ; 0             ; 0             ; 0             ; 0              ; 1             ; 0             ; 0             ; 0             ; 0             ; 1             ;
; state_leds.s5a ; 0             ; 0             ; 0             ; 0             ; 1              ; 0             ; 0             ; 0             ; 0             ; 0             ; 1             ;
; state_leds.s6  ; 0             ; 0             ; 0             ; 1             ; 0              ; 0             ; 0             ; 0             ; 0             ; 0             ; 1             ;
; state_leds.s7  ; 0             ; 0             ; 1             ; 0             ; 0              ; 0             ; 0             ; 0             ; 0             ; 0             ; 1             ;
; state_leds.s8  ; 0             ; 1             ; 0             ; 0             ; 0              ; 0             ; 0             ; 0             ; 0             ; 0             ; 1             ;
; state_leds.s9  ; 1             ; 0             ; 0             ; 0             ; 0              ; 0             ; 0             ; 0             ; 0             ; 0             ; 1             ;
+----------------+---------------+---------------+---------------+---------------+----------------+---------------+---------------+---------------+---------------+---------------+---------------+


Encoding Type:  One-Hot
+-------------------------------------------------------------------------------------------------------------------------------------------------------------------------+
; State Machine - |Top_Design|Card_B_Design:Card_B|Data_Orgenizer:DO|state_Do                                                                                             ;
+--------------+-------------+-------------+-------------+-------------+--------------+-------------+-------------+-------------+-------------+-------------+-------------+
; Name         ; state_Do.s9 ; state_Do.s8 ; state_Do.s7 ; state_Do.s6 ; state_Do.s5a ; state_Do.s5 ; state_Do.s4 ; state_Do.s3 ; state_Do.s2 ; state_Do.s1 ; state_Do.s0 ;
+--------------+-------------+-------------+-------------+-------------+--------------+-------------+-------------+-------------+-------------+-------------+-------------+
; state_Do.s0  ; 0           ; 0           ; 0           ; 0           ; 0            ; 0           ; 0           ; 0           ; 0           ; 0           ; 0           ;
; state_Do.s1  ; 0           ; 0           ; 0           ; 0           ; 0            ; 0           ; 0           ; 0           ; 0           ; 1           ; 1           ;
; state_Do.s2  ; 0           ; 0           ; 0           ; 0           ; 0            ; 0           ; 0           ; 0           ; 1           ; 0           ; 1           ;
; state_Do.s3  ; 0           ; 0           ; 0           ; 0           ; 0            ; 0           ; 0           ; 1           ; 0           ; 0           ; 1           ;
; state_Do.s4  ; 0           ; 0           ; 0           ; 0           ; 0            ; 0           ; 1           ; 0           ; 0           ; 0           ; 1           ;
; state_Do.s5  ; 0           ; 0           ; 0           ; 0           ; 0            ; 1           ; 0           ; 0           ; 0           ; 0           ; 1           ;
; state_Do.s5a ; 0           ; 0           ; 0           ; 0           ; 1            ; 0           ; 0           ; 0           ; 0           ; 0           ; 1           ;
; state_Do.s6  ; 0           ; 0           ; 0           ; 1           ; 0            ; 0           ; 0           ; 0           ; 0           ; 0           ; 1           ;
; state_Do.s7  ; 0           ; 0           ; 1           ; 0           ; 0            ; 0           ; 0           ; 0           ; 0           ; 0           ; 1           ;
; state_Do.s8  ; 0           ; 1           ; 0           ; 0           ; 0            ; 0           ; 0           ; 0           ; 0           ; 0           ; 1           ;
; state_Do.s9  ; 1           ; 0           ; 0           ; 0           ; 0            ; 0           ; 0           ; 0           ; 0           ; 0           ; 1           ;
+--------------+-------------+-------------+-------------+-------------+--------------+-------------+-------------+-------------+-------------+-------------+-------------+


Encoding Type:  One-Hot
+-----------------------------------------------------------------------------------------+
; State Machine - |Top_Design|Card_B_Design:Card_B|CRC8BIT:CRC8|state_crc                 ;
+--------------+--------------+--------------+--------------+--------------+--------------+
; Name         ; state_crc.s4 ; state_crc.s3 ; state_crc.s2 ; state_crc.s1 ; state_crc.s0 ;
+--------------+--------------+--------------+--------------+--------------+--------------+
; state_crc.s0 ; 0            ; 0            ; 0            ; 0            ; 0            ;
; state_crc.s1 ; 0            ; 0            ; 0            ; 1            ; 1            ;
; state_crc.s2 ; 0            ; 0            ; 1            ; 0            ; 1            ;
; state_crc.s3 ; 0            ; 1            ; 0            ; 0            ; 1            ;
; state_crc.s4 ; 1            ; 0            ; 0            ; 0            ; 1            ;
+--------------+--------------+--------------+--------------+--------------+--------------+


Encoding Type:  One-Hot
+-------------------------------------------------------------------------------------------------+
; State Machine - |Top_Design|Card_A_Design_Python:Card_A|Uart_rx:rx|state_rx                     ;
+-------------+-------------+-------------+-------------+-------------+-------------+-------------+
; Name        ; state_rx.s5 ; state_rx.s4 ; state_rx.s3 ; state_rx.s2 ; state_rx.s1 ; state_rx.s0 ;
+-------------+-------------+-------------+-------------+-------------+-------------+-------------+
; state_rx.s0 ; 0           ; 0           ; 0           ; 0           ; 0           ; 0           ;
; state_rx.s1 ; 0           ; 0           ; 0           ; 0           ; 1           ; 1           ;
; state_rx.s2 ; 0           ; 0           ; 0           ; 1           ; 0           ; 1           ;
; state_rx.s3 ; 0           ; 0           ; 1           ; 0           ; 0           ; 1           ;
; state_rx.s4 ; 0           ; 1           ; 0           ; 0           ; 0           ; 1           ;
; state_rx.s5 ; 1           ; 0           ; 0           ; 0           ; 0           ; 1           ;
+-------------+-------------+-------------+-------------+-------------+-------------+-------------+


Encoding Type:  One-Hot
+-------------------------------------------------------------------------------------------------------------------------------------------+
; State Machine - |Top_Design|Card_A_Design_Python:Card_A|Uart_tx_Constant:tx|state_tx                                                      ;
+-------------+-------------+-------------+-------------+-------------+-------------+-------------+-------------+-------------+-------------+
; Name        ; state_tx.s8 ; state_tx.s7 ; state_tx.s6 ; state_tx.s5 ; state_tx.s4 ; state_tx.s3 ; state_tx.s2 ; state_tx.s1 ; state_tx.s0 ;
+-------------+-------------+-------------+-------------+-------------+-------------+-------------+-------------+-------------+-------------+
; state_tx.s0 ; 0           ; 0           ; 0           ; 0           ; 0           ; 0           ; 0           ; 0           ; 0           ;
; state_tx.s1 ; 0           ; 0           ; 0           ; 0           ; 0           ; 0           ; 0           ; 1           ; 1           ;
; state_tx.s2 ; 0           ; 0           ; 0           ; 0           ; 0           ; 0           ; 1           ; 0           ; 1           ;
; state_tx.s3 ; 0           ; 0           ; 0           ; 0           ; 0           ; 1           ; 0           ; 0           ; 1           ;
; state_tx.s4 ; 0           ; 0           ; 0           ; 0           ; 1           ; 0           ; 0           ; 0           ; 1           ;
; state_tx.s5 ; 0           ; 0           ; 0           ; 1           ; 0           ; 0           ; 0           ; 0           ; 1           ;
; state_tx.s6 ; 0           ; 0           ; 1           ; 0           ; 0           ; 0           ; 0           ; 0           ; 1           ;
; state_tx.s7 ; 0           ; 1           ; 0           ; 0           ; 0           ; 0           ; 0           ; 0           ; 1           ;
; state_tx.s8 ; 1           ; 0           ; 0           ; 0           ; 0           ; 0           ; 0           ; 0           ; 1           ;
+-------------+-------------+-------------+-------------+-------------+-------------+-------------+-------------+-------------+-------------+


Encoding Type:  One-Hot
+----------------------------------------------------------------------------------------------------------------------+
; State Machine - |Top_Design|Card_A_Design_Python:Card_A|BiPhase_tx:biphase|state_mini                                ;
+----------------+----------------+----------------+----------------+----------------+----------------+----------------+
; Name           ; state_mini.s5a ; state_mini.s4a ; state_mini.s3a ; state_mini.s2a ; state_mini.s1a ; state_mini.s0a ;
+----------------+----------------+----------------+----------------+----------------+----------------+----------------+
; state_mini.s0a ; 0              ; 0              ; 0              ; 0              ; 0              ; 0              ;
; state_mini.s1a ; 0              ; 0              ; 0              ; 0              ; 1              ; 1              ;
; state_mini.s2a ; 0              ; 0              ; 0              ; 1              ; 0              ; 1              ;
; state_mini.s3a ; 0              ; 0              ; 1              ; 0              ; 0              ; 1              ;
; state_mini.s4a ; 0              ; 1              ; 0              ; 0              ; 0              ; 1              ;
; state_mini.s5a ; 1              ; 0              ; 0              ; 0              ; 0              ; 1              ;
+----------------+----------------+----------------+----------------+----------------+----------------+----------------+


Encoding Type:  One-Hot
+-----------------------------------------------------------------------------------------------------------------------------+
; State Machine - |Top_Design|Card_A_Design_Python:Card_A|BiPhase_tx:biphase|state_bi                                         ;
+-------------+-------------+-------------+-------------+-------------+-------------+-------------+-------------+-------------+
; Name        ; state_bi.s7 ; state_bi.s6 ; state_bi.s5 ; state_bi.s4 ; state_bi.s3 ; state_bi.s2 ; state_bi.s1 ; state_bi.s0 ;
+-------------+-------------+-------------+-------------+-------------+-------------+-------------+-------------+-------------+
; state_bi.s0 ; 0           ; 0           ; 0           ; 0           ; 0           ; 0           ; 0           ; 0           ;
; state_bi.s1 ; 0           ; 0           ; 0           ; 0           ; 0           ; 0           ; 1           ; 1           ;
; state_bi.s2 ; 0           ; 0           ; 0           ; 0           ; 0           ; 1           ; 0           ; 1           ;
; state_bi.s3 ; 0           ; 0           ; 0           ; 0           ; 1           ; 0           ; 0           ; 1           ;
; state_bi.s4 ; 0           ; 0           ; 0           ; 1           ; 0           ; 0           ; 0           ; 1           ;
; state_bi.s5 ; 0           ; 0           ; 1           ; 0           ; 0           ; 0           ; 0           ; 1           ;
; state_bi.s6 ; 0           ; 1           ; 0           ; 0           ; 0           ; 0           ; 0           ; 1           ;
; state_bi.s7 ; 1           ; 0           ; 0           ; 0           ; 0           ; 0           ; 0           ; 1           ;
+-------------+-------------+-------------+-------------+-------------+-------------+-------------+-------------+-------------+


+---------------------------------------------------------------------------------------------------------------------------------------------+
; Registers Removed During Synthesis                                                                                                          ;
+-------------------------------------------------------------------+-------------------------------------------------------------------------+
; Register name                                                     ; Reason for Removal                                                      ;
+-------------------------------------------------------------------+-------------------------------------------------------------------------+
; Card_A_Design_Python:Card_A|Uart_tx_Constant:tx|sig_byte[6,7]     ; Stuck at VCC due to stuck port data_in                                  ;
; Card_A_Design_Python:Card_A|Uart_tx_Constant:tx|sig_byte[4,5]     ; Stuck at GND due to stuck port data_in                                  ;
; Card_A_Design_Python:Card_A|Uart_tx_Constant:tx|sig_byte[3]       ; Stuck at VCC due to stuck port data_in                                  ;
; Card_A_Design_Python:Card_A|Uart_tx_Constant:tx|sig_byte[2]       ; Stuck at GND due to stuck port data_in                                  ;
; Card_A_Design_Python:Card_A|Uart_tx_Constant:tx|sig_byte[1]       ; Stuck at VCC due to stuck port data_in                                  ;
; Card_A_Design_Python:Card_A|Uart_tx_Constant:tx|sig_byte[0]       ; Stuck at GND due to stuck port data_in                                  ;
; Card_B_Design:Card_B|Simple_BS:Simple|sig_00_cut                  ; Merged with Card_B_Design:Card_B|Data_Orgenizer:DO|sig_main_clk_cut     ;
; Card_B_Design:Card_B|CRC8BIT:CRC8|sig_cut_main_clk                ; Merged with Card_B_Design:Card_B|Data_Orgenizer:DO|sig_main_clk_cut     ;
; Card_B_Design:Card_B|Simple_BS:Simple|sig_00_cut_not              ; Merged with Card_B_Design:Card_B|Data_Orgenizer:DO|sig_main_clk_cut_not ;
; Card_B_Design:Card_B|CRC8BIT:CRC8|sig_cut_main_clk_not            ; Merged with Card_B_Design:Card_B|Data_Orgenizer:DO|sig_main_clk_cut_not ;
; Card_B_Design:Card_B|Data_Orgenizer:DO|sig_sf_reg[31]             ; Merged with Card_B_Design:Card_B|CRC8BIT:CRC8|sig_sf_reg[31]            ;
; Card_B_Design:Card_B|Data_Orgenizer:DO|sig_sf_reg[17]             ; Merged with Card_B_Design:Card_B|CRC8BIT:CRC8|sig_sf_reg[17]            ;
; Card_B_Design:Card_B|Data_Orgenizer:DO|sig_sf_reg[16]             ; Merged with Card_B_Design:Card_B|CRC8BIT:CRC8|sig_sf_reg[16]            ;
; Card_B_Design:Card_B|Data_Orgenizer:DO|sig_sf_reg[15]             ; Merged with Card_B_Design:Card_B|CRC8BIT:CRC8|sig_sf_reg[15]            ;
; Card_B_Design:Card_B|Data_Orgenizer:DO|sig_sf_reg[14]             ; Merged with Card_B_Design:Card_B|CRC8BIT:CRC8|sig_sf_reg[14]            ;
; Card_B_Design:Card_B|Data_Orgenizer:DO|sig_sf_reg[13]             ; Merged with Card_B_Design:Card_B|CRC8BIT:CRC8|sig_sf_reg[13]            ;
; Card_B_Design:Card_B|Data_Orgenizer:DO|sig_sf_reg[12]             ; Merged with Card_B_Design:Card_B|CRC8BIT:CRC8|sig_sf_reg[12]            ;
; Card_B_Design:Card_B|Data_Orgenizer:DO|sig_sf_reg[11]             ; Merged with Card_B_Design:Card_B|CRC8BIT:CRC8|sig_sf_reg[11]            ;
; Card_B_Design:Card_B|Data_Orgenizer:DO|sig_sf_reg[10]             ; Merged with Card_B_Design:Card_B|CRC8BIT:CRC8|sig_sf_reg[10]            ;
; Card_B_Design:Card_B|Data_Orgenizer:DO|sig_sf_reg[9]              ; Merged with Card_B_Design:Card_B|CRC8BIT:CRC8|sig_sf_reg[9]             ;
; Card_B_Design:Card_B|Data_Orgenizer:DO|sig_sf_reg[8]              ; Merged with Card_B_Design:Card_B|CRC8BIT:CRC8|sig_sf_reg[8]             ;
; Card_B_Design:Card_B|Data_Orgenizer:DO|sig_sf_reg[7]              ; Merged with Card_B_Design:Card_B|CRC8BIT:CRC8|sig_sf_reg[7]             ;
; Card_B_Design:Card_B|Data_Orgenizer:DO|sig_sf_reg[6]              ; Merged with Card_B_Design:Card_B|CRC8BIT:CRC8|sig_sf_reg[6]             ;
; Card_B_Design:Card_B|Data_Orgenizer:DO|sig_sf_reg[5]              ; Merged with Card_B_Design:Card_B|CRC8BIT:CRC8|sig_sf_reg[5]             ;
; Card_B_Design:Card_B|Data_Orgenizer:DO|sig_sf_reg[4]              ; Merged with Card_B_Design:Card_B|CRC8BIT:CRC8|sig_sf_reg[4]             ;
; Card_B_Design:Card_B|Data_Orgenizer:DO|sig_sf_reg[3]              ; Merged with Card_B_Design:Card_B|CRC8BIT:CRC8|sig_sf_reg[3]             ;
; Card_B_Design:Card_B|Data_Orgenizer:DO|sig_sf_reg[2]              ; Merged with Card_B_Design:Card_B|CRC8BIT:CRC8|sig_sf_reg[2]             ;
; Card_B_Design:Card_B|Data_Orgenizer:DO|sig_sf_reg[1]              ; Merged with Card_B_Design:Card_B|CRC8BIT:CRC8|sig_sf_reg[1]             ;
; Card_B_Design:Card_B|Data_Orgenizer:DO|sig_sf_reg[0]              ; Merged with Card_B_Design:Card_B|CRC8BIT:CRC8|sig_sf_reg[0]             ;
; Card_B_Design:Card_B|Data_Orgenizer:DO|sig_sf_reg[18]             ; Merged with Card_B_Design:Card_B|CRC8BIT:CRC8|sig_sf_reg[18]            ;
; Card_B_Design:Card_B|Data_Orgenizer:DO|sig_sf_reg[19]             ; Merged with Card_B_Design:Card_B|CRC8BIT:CRC8|sig_sf_reg[19]            ;
; Card_B_Design:Card_B|Data_Orgenizer:DO|sig_sf_reg[20]             ; Merged with Card_B_Design:Card_B|CRC8BIT:CRC8|sig_sf_reg[20]            ;
; Card_B_Design:Card_B|Data_Orgenizer:DO|sig_sf_reg[21]             ; Merged with Card_B_Design:Card_B|CRC8BIT:CRC8|sig_sf_reg[21]            ;
; Card_B_Design:Card_B|Data_Orgenizer:DO|sig_sf_reg[22]             ; Merged with Card_B_Design:Card_B|CRC8BIT:CRC8|sig_sf_reg[22]            ;
; Card_B_Design:Card_B|Data_Orgenizer:DO|sig_sf_reg[23]             ; Merged with Card_B_Design:Card_B|CRC8BIT:CRC8|sig_sf_reg[23]            ;
; Card_B_Design:Card_B|Data_Orgenizer:DO|sig_sf_reg[24]             ; Merged with Card_B_Design:Card_B|CRC8BIT:CRC8|sig_sf_reg[24]            ;
; Card_B_Design:Card_B|Data_Orgenizer:DO|sig_sf_reg[25]             ; Merged with Card_B_Design:Card_B|CRC8BIT:CRC8|sig_sf_reg[25]            ;
; Card_B_Design:Card_B|Data_Orgenizer:DO|sig_sf_reg[26]             ; Merged with Card_B_Design:Card_B|CRC8BIT:CRC8|sig_sf_reg[26]            ;
; Card_B_Design:Card_B|Data_Orgenizer:DO|sig_sf_reg[27]             ; Merged with Card_B_Design:Card_B|CRC8BIT:CRC8|sig_sf_reg[27]            ;
; Card_B_Design:Card_B|Data_Orgenizer:DO|sig_sf_reg[28]             ; Merged with Card_B_Design:Card_B|CRC8BIT:CRC8|sig_sf_reg[28]            ;
; Card_B_Design:Card_B|Data_Orgenizer:DO|sig_sf_reg[29]             ; Merged with Card_B_Design:Card_B|CRC8BIT:CRC8|sig_sf_reg[29]            ;
; Card_B_Design:Card_B|Data_Orgenizer:DO|sig_sf_reg[30]             ; Merged with Card_B_Design:Card_B|CRC8BIT:CRC8|sig_sf_reg[30]            ;
; Card_B_Design:Card_B|RGB:RGB_Leds|state_leds.s5a                  ; Lost fanout                                                             ;
; Card_B_Design:Card_B|RGB:RGB_Leds|state_leds.s8                   ; Lost fanout                                                             ;
; Card_B_Design:Card_B|RGB:RGB_Leds|state_leds.s9                   ; Lost fanout                                                             ;
; Card_A_Design_Python:Card_A|Uart_tx_Constant:tx|sig_packet[7..11] ; Stuck at VCC due to stuck port data_in                                  ;
; Total Number of Removed Registers = 52                            ;                                                                         ;
+-------------------------------------------------------------------+-------------------------------------------------------------------------+


+--------------------------------------------------------------------------------------------------------------------------------------------------------------+
; Removed Registers Triggering Further Register Optimizations                                                                                                  ;
+----------------------------------------------------------------+---------------------------+-----------------------------------------------------------------+
; Register name                                                  ; Reason for Removal        ; Registers Removed due to This Register                          ;
+----------------------------------------------------------------+---------------------------+-----------------------------------------------------------------+
; Card_A_Design_Python:Card_A|Uart_tx_Constant:tx|sig_packet[11] ; Stuck at VCC              ; Card_A_Design_Python:Card_A|Uart_tx_Constant:tx|sig_packet[10], ;
;                                                                ; due to stuck port data_in ; Card_A_Design_Python:Card_A|Uart_tx_Constant:tx|sig_packet[9]   ;
; Card_A_Design_Python:Card_A|Uart_tx_Constant:tx|sig_byte[7]    ; Stuck at VCC              ; Card_A_Design_Python:Card_A|Uart_tx_Constant:tx|sig_packet[8]   ;
;                                                                ; due to stuck port data_in ;                                                                 ;
; Card_A_Design_Python:Card_A|Uart_tx_Constant:tx|sig_byte[6]    ; Stuck at VCC              ; Card_A_Design_Python:Card_A|Uart_tx_Constant:tx|sig_packet[7]   ;
;                                                                ; due to stuck port data_in ;                                                                 ;
+----------------------------------------------------------------+---------------------------+-----------------------------------------------------------------+


+------------------------------------------------------+
; General Register Statistics                          ;
+----------------------------------------------+-------+
; Statistic                                    ; Value ;
+----------------------------------------------+-------+
; Total registers                              ; 905   ;
; Number of registers using Synchronous Clear  ; 115   ;
; Number of registers using Synchronous Load   ; 5     ;
; Number of registers using Asynchronous Clear ; 738   ;
; Number of registers using Asynchronous Load  ; 0     ;
; Number of registers using Clock Enable       ; 786   ;
; Number of registers using Preset             ; 0     ;
+----------------------------------------------+-------+


+------------------------------------------------------------------------------+
; Inverted Register Statistics                                                 ;
+--------------------------------------------------------------------+---------+
; Inverted Register                                                  ; Fan out ;
+--------------------------------------------------------------------+---------+
; Card_A_Design_Python:Card_A|Uart_tx_Constant:tx|sig_bit            ; 2       ;
; Card_A_Design_Python:Card_A|Uart_tx_Constant:tx|signal_A_q_not     ; 2       ;
; Card_B_Design:Card_B|Data_Orgenizer:DO|load_leds                   ; 5       ;
; Card_A_Design_Python:Card_A|BiPhase_tx:biphase|sig_cut_not         ; 3       ;
; Card_B_Design:Card_B|Data_Orgenizer:DO|sig_main_clk_cut_not        ; 8       ;
; Card_B_Design:Card_B|Simple_BS:Simple|sig_00_clk                   ; 4       ;
; Card_B_Design:Card_B|CRC8BIT:CRC8|crc8bit_out                      ; 3       ;
; Card_A_Design_Python:Card_A|BiPhase_tx:biphase|sig_cut_rd_not      ; 2       ;
; Card_B_Design:Card_B|Simple_BS:Simple|sig_bi_phase_filterd_cut_not ; 2       ;
; Card_A_Design_Python:Card_A|Uart_rx:rx|signal_A_q_not              ; 6       ;
; Card_B_Design:Card_B|BS_Filter:Filter|sig_total_check              ; 1       ;
; Card_B_Design:Card_B|Simple_BS:Simple|sig_90_cut_not               ; 2       ;
; Card_B_Design:Card_B|BS_Filter:Filter|sig_check_0                  ; 1       ;
; Card_B_Design:Card_B|BS_Filter:Filter|sig_check_1                  ; 1       ;
; Card_B_Design:Card_B|BS_Filter:Filter|sig_check_2                  ; 1       ;
; Card_B_Design:Card_B|BS_Filter:Filter|sig_check_3                  ; 1       ;
; Card_B_Design:Card_B|BS_Filter:Filter|sig_check_4                  ; 1       ;
; Card_B_Design:Card_B|BS_Filter:Filter|sig_check_5                  ; 1       ;
; Card_B_Design:Card_B|BS_Filter:Filter|sig_check_6                  ; 1       ;
; Total number of inverted registers = 19                            ;         ;
+--------------------------------------------------------------------+---------+


+-----------------------------------------------------------------------------------------------------------------------------------------------------------------------------------------------------+
; Multiplexer Restructuring Statistics (Restructuring Performed)                                                                                                                                      ;
+--------------------+-----------+---------------+----------------------+------------------------+------------+---------------------------------------------------------------------------------------+
; Multiplexer Inputs ; Bus Width ; Baseline Area ; Area if Restructured ; Saving if Restructured ; Registered ; Example Multiplexer Output                                                            ;
+--------------------+-----------+---------------+----------------------+------------------------+------------+---------------------------------------------------------------------------------------+
; 3:1                ; 100 bits  ; 200 LEs       ; 100 LEs              ; 100 LEs                ; Yes        ; |Top_Design|Card_B_Design:Card_B|RGB:RGB_Leds|sig_cnt[13]                             ;
; 4:1                ; 6 bits    ; 12 LEs        ; 6 LEs                ; 6 LEs                  ; Yes        ; |Top_Design|Card_A_Design_Python:Card_A|Uart_rx:rx|\main_rx:var_clk_cntr[5]           ;
; 4:1                ; 6 bits    ; 12 LEs        ; 6 LEs                ; 6 LEs                  ; Yes        ; |Top_Design|Card_A_Design_Python:Card_A|Uart_tx_Constant:tx|sig_packet[10]            ;
; 4:1                ; 95 bits   ; 190 LEs       ; 95 LEs               ; 95 LEs                 ; Yes        ; |Top_Design|Card_B_Design:Card_B|RGB:RGB_Leds|sig_shift_led_rgb[3]                    ;
; 5:1                ; 4 bits    ; 12 LEs        ; 4 LEs                ; 8 LEs                  ; Yes        ; |Top_Design|Card_A_Design_Python:Card_A|Uart_rx:rx|\main_rx:var_bit_cntr[1]           ;
; 5:1                ; 6 bits    ; 18 LEs        ; 6 LEs                ; 12 LEs                 ; Yes        ; |Top_Design|Card_A_Design_Python:Card_A|Uart_rx:rx|sig_ram_address[1]                 ;
; 7:1                ; 101 bits  ; 404 LEs       ; 101 LEs              ; 303 LEs                ; Yes        ; |Top_Design|Card_B_Design:Card_B|Data_Orgenizer:DO|sig_cnt[70]                        ;
; 8:1                ; 4 bits    ; 20 LEs        ; 4 LEs                ; 16 LEs                 ; Yes        ; |Top_Design|Card_A_Design_Python:Card_A|Uart_tx_Constant:tx|\transmission:sig_cntr[0] ;
; 7:1                ; 3 bits    ; 12 LEs        ; 9 LEs                ; 3 LEs                  ; No         ; |Top_Design|Card_A_Design_Python:Card_A|Uart_rx:rx|Selector12                         ;
; 8:1                ; 5 bits    ; 25 LEs        ; 15 LEs               ; 10 LEs                 ; No         ; |Top_Design|Card_B_Design:Card_B|RGB:RGB_Leds|Selector7                               ;
; 8:1                ; 2 bits    ; 10 LEs        ; 4 LEs                ; 6 LEs                  ; No         ; |Top_Design|Card_B_Design:Card_B|RGB:RGB_Leds|Selector8                               ;
; 9:1                ; 3 bits    ; 18 LEs        ; 12 LEs               ; 6 LEs                  ; No         ; |Top_Design|Card_B_Design:Card_B|Data_Orgenizer:DO|state_Do                           ;
+--------------------+-----------+---------------+----------------------+------------------------+------------+---------------------------------------------------------------------------------------+


+---------------------------------------------------------------------------------------------------------------------------------+
; Source assignments for Card_A_Design_Python:Card_A|Ram2_X:memory|altsyncram:altsyncram_component|altsyncram_64s1:auto_generated ;
+---------------------------------+--------------------+------+-------------------------------------------------------------------+
; Assignment                      ; Value              ; From ; To                                                                ;
+---------------------------------+--------------------+------+-------------------------------------------------------------------+
; OPTIMIZE_POWER_DURING_SYNTHESIS ; NORMAL_COMPILATION ; -    ; -                                                                 ;
+---------------------------------+--------------------+------+-------------------------------------------------------------------+


+------------------------------------------------------------------------------------------------------------------------+
; Parameter Settings for User Entity Instance: Card_A_Design_Python:Card_A|Ram2_X:memory|altsyncram:altsyncram_component ;
+------------------------------------+----------------------+------------------------------------------------------------+
; Parameter Name                     ; Value                ; Type                                                       ;
+------------------------------------+----------------------+------------------------------------------------------------+
; BYTE_SIZE_BLOCK                    ; 8                    ; Untyped                                                    ;
; AUTO_CARRY_CHAINS                  ; ON                   ; AUTO_CARRY                                                 ;
; IGNORE_CARRY_BUFFERS               ; OFF                  ; IGNORE_CARRY                                               ;
; AUTO_CASCADE_CHAINS                ; ON                   ; AUTO_CASCADE                                               ;
; IGNORE_CASCADE_BUFFERS             ; OFF                  ; IGNORE_CASCADE                                             ;
; WIDTH_BYTEENA                      ; 1                    ; Untyped                                                    ;
; OPERATION_MODE                     ; DUAL_PORT            ; Untyped                                                    ;
; WIDTH_A                            ; 8                    ; Signed Integer                                             ;
; WIDTHAD_A                          ; 6                    ; Signed Integer                                             ;
; NUMWORDS_A                         ; 64                   ; Signed Integer                                             ;
; OUTDATA_REG_A                      ; UNREGISTERED         ; Untyped                                                    ;
; ADDRESS_ACLR_A                     ; NONE                 ; Untyped                                                    ;
; OUTDATA_ACLR_A                     ; NONE                 ; Untyped                                                    ;
; WRCONTROL_ACLR_A                   ; NONE                 ; Untyped                                                    ;
; INDATA_ACLR_A                      ; NONE                 ; Untyped                                                    ;
; BYTEENA_ACLR_A                     ; NONE                 ; Untyped                                                    ;
; WIDTH_B                            ; 8                    ; Signed Integer                                             ;
; WIDTHAD_B                          ; 6                    ; Signed Integer                                             ;
; NUMWORDS_B                         ; 64                   ; Signed Integer                                             ;
; INDATA_REG_B                       ; CLOCK1               ; Untyped                                                    ;
; WRCONTROL_WRADDRESS_REG_B          ; CLOCK1               ; Untyped                                                    ;
; RDCONTROL_REG_B                    ; CLOCK0               ; Untyped                                                    ;
; ADDRESS_REG_B                      ; CLOCK0               ; Untyped                                                    ;
; OUTDATA_REG_B                      ; CLOCK0               ; Untyped                                                    ;
; BYTEENA_REG_B                      ; CLOCK1               ; Untyped                                                    ;
; INDATA_ACLR_B                      ; NONE                 ; Untyped                                                    ;
; WRCONTROL_ACLR_B                   ; NONE                 ; Untyped                                                    ;
; ADDRESS_ACLR_B                     ; NONE                 ; Untyped                                                    ;
; OUTDATA_ACLR_B                     ; NONE                 ; Untyped                                                    ;
; RDCONTROL_ACLR_B                   ; NONE                 ; Untyped                                                    ;
; BYTEENA_ACLR_B                     ; NONE                 ; Untyped                                                    ;
; WIDTH_BYTEENA_A                    ; 1                    ; Signed Integer                                             ;
; WIDTH_BYTEENA_B                    ; 1                    ; Untyped                                                    ;
; RAM_BLOCK_TYPE                     ; AUTO                 ; Untyped                                                    ;
; BYTE_SIZE                          ; 8                    ; Untyped                                                    ;
; READ_DURING_WRITE_MODE_MIXED_PORTS ; DONT_CARE            ; Untyped                                                    ;
; READ_DURING_WRITE_MODE_PORT_A      ; NEW_DATA_NO_NBE_READ ; Untyped                                                    ;
; READ_DURING_WRITE_MODE_PORT_B      ; NEW_DATA_NO_NBE_READ ; Untyped                                                    ;
; INIT_FILE                          ; Ram2_X_data.mif      ; Untyped                                                    ;
; INIT_FILE_LAYOUT                   ; PORT_A               ; Untyped                                                    ;
; MAXIMUM_DEPTH                      ; 0                    ; Untyped                                                    ;
; CLOCK_ENABLE_INPUT_A               ; BYPASS               ; Untyped                                                    ;
; CLOCK_ENABLE_INPUT_B               ; BYPASS               ; Untyped                                                    ;
; CLOCK_ENABLE_OUTPUT_A              ; NORMAL               ; Untyped                                                    ;
; CLOCK_ENABLE_OUTPUT_B              ; BYPASS               ; Untyped                                                    ;
; CLOCK_ENABLE_CORE_A                ; USE_INPUT_CLKEN      ; Untyped                                                    ;
; CLOCK_ENABLE_CORE_B                ; USE_INPUT_CLKEN      ; Untyped                                                    ;
; ENABLE_ECC                         ; FALSE                ; Untyped                                                    ;
; ECC_PIPELINE_STAGE_ENABLED         ; FALSE                ; Untyped                                                    ;
; WIDTH_ECCSTATUS                    ; 3                    ; Untyped                                                    ;
; DEVICE_FAMILY                      ; MAX 10               ; Untyped                                                    ;
; CBXI_PARAMETER                     ; altsyncram_64s1      ; Untyped                                                    ;
+------------------------------------+----------------------+------------------------------------------------------------+
Note: In order to hide this table in the UI and the text report file, please set the "Show Parameter Settings in Synthesis Report" option in "Analysis and Synthesis Settings -> More Settings" to "Off".


+-----------------------------------------------------------------------------------------------------------------------+
; altsyncram Parameter Settings by Entity Instance                                                                      ;
+-------------------------------------------+---------------------------------------------------------------------------+
; Name                                      ; Value                                                                     ;
+-------------------------------------------+---------------------------------------------------------------------------+
; Number of entity instances                ; 1                                                                         ;
; Entity Instance                           ; Card_A_Design_Python:Card_A|Ram2_X:memory|altsyncram:altsyncram_component ;
;     -- OPERATION_MODE                     ; DUAL_PORT                                                                 ;
;     -- WIDTH_A                            ; 8                                                                         ;
;     -- NUMWORDS_A                         ; 64                                                                        ;
;     -- OUTDATA_REG_A                      ; UNREGISTERED                                                              ;
;     -- WIDTH_B                            ; 8                                                                         ;
;     -- NUMWORDS_B                         ; 64                                                                        ;
;     -- ADDRESS_REG_B                      ; CLOCK0                                                                    ;
;     -- OUTDATA_REG_B                      ; CLOCK0                                                                    ;
;     -- RAM_BLOCK_TYPE                     ; AUTO                                                                      ;
;     -- READ_DURING_WRITE_MODE_MIXED_PORTS ; DONT_CARE                                                                 ;
+-------------------------------------------+---------------------------------------------------------------------------+


+-----------------------------------------------------+
; Post-Synthesis Netlist Statistics for Top Partition ;
+-----------------------+-----------------------------+
; Type                  ; Count                       ;
+-----------------------+-----------------------------+
; boundary_port         ; 10                          ;
; cycloneiii_ff         ; 905                         ;
;     CLR               ; 100                         ;
;     CLR SCLR          ; 14                          ;
;     ENA               ; 157                         ;
;     ENA CLR           ; 523                         ;
;     ENA CLR SCLR      ; 101                         ;
;     ENA SLD           ; 5                           ;
;     plain             ; 5                           ;
; cycloneiii_lcell_comb ; 852                         ;
;     arith             ; 383                         ;
;         2 data inputs ; 380                         ;
;         3 data inputs ; 3                           ;
;     normal            ; 469                         ;
;         1 data inputs ; 19                          ;
;         2 data inputs ; 66                          ;
;         3 data inputs ; 165                         ;
;         4 data inputs ; 219                         ;
; cycloneiii_ram_block  ; 8                           ;
;                       ;                             ;
; Max LUT depth         ; 11.90                       ;
; Average LUT depth     ; 5.12                        ;
+-----------------------+-----------------------------+


+-------------------------------+
; Elapsed Time Per Partition    ;
+----------------+--------------+
; Partition Name ; Elapsed Time ;
+----------------+--------------+
; Top            ; 00:00:01     ;
+----------------+--------------+


+-------------------------------+
; Analysis & Synthesis Messages ;
+-------------------------------+
Info: *******************************************************************
Info: Running Quartus Prime Analysis & Synthesis
    Info: Version 22.1std.0 Build 915 10/25/2022 SC Lite Edition
    Info: Processing started: Thu Oct 19 19:17:24 2023
Info: Command: quartus_map --read_settings_files=on --write_settings_files=off Top_Design -c Top_Design
Info (20032): Parallel compilation is enabled and will use up to 4 processors
Info (12021): Found 2 design units, including 1 entities, in source file /final_project/the_final_project/card_b/simple_bs/simple_bs.vhdl
    Info (12022): Found design unit 1: Simple_BS-ab File: C:/Final_Project/The_Final_Project/Card_B/Simple_BS/Simple_BS.vhdl Line: 16
    Info (12023): Found entity 1: Simple_BS File: C:/Final_Project/The_Final_Project/Card_B/Simple_BS/Simple_BS.vhdl Line: 6
Info (12021): Found 2 design units, including 1 entities, in source file /final_project/the_final_project/card_b/rgb/rgb.vhdl
    Info (12022): Found design unit 1: RGB-ab File: C:/Final_Project/The_Final_Project/Card_B/RGB/RGB.vhdl Line: 20
    Info (12023): Found entity 1: RGB File: C:/Final_Project/The_Final_Project/Card_B/RGB/RGB.vhdl Line: 6
Info (12021): Found 2 design units, including 1 entities, in source file /final_project/the_final_project/card_b/data_orgenizer/data_orgenizer.vhdl
    Info (12022): Found design unit 1: Data_Orgenizer-ab File: C:/Final_Project/The_Final_Project/Card_B/Data_Orgenizer/Data_Orgenizer.vhdl Line: 19
    Info (12023): Found entity 1: Data_Orgenizer File: C:/Final_Project/The_Final_Project/Card_B/Data_Orgenizer/Data_Orgenizer.vhdl Line: 6
Info (12021): Found 2 design units, including 1 entities, in source file /final_project/the_final_project/card_b/crc8bit/crc8bit.vhdl
    Info (12022): Found design unit 1: CRC8BIT-ab File: C:/Final_Project/The_Final_Project/Card_B/CRC8BIT/CRC8BIT.vhdl Line: 19
    Info (12023): Found entity 1: CRC8BIT File: C:/Final_Project/The_Final_Project/Card_B/CRC8BIT/CRC8BIT.vhdl Line: 8
Info (12021): Found 2 design units, including 1 entities, in source file /final_project/the_final_project/card_b/bs_filter/bs_filter.vhdl
    Info (12022): Found design unit 1: BS_Filter-ab File: C:/Final_Project/The_Final_Project/Card_B/BS_Filter/BS_Filter.vhdl Line: 15
    Info (12023): Found entity 1: BS_Filter File: C:/Final_Project/The_Final_Project/Card_B/BS_Filter/BS_Filter.vhdl Line: 6
Info (12021): Found 2 design units, including 1 entities, in source file /final_project/the_final_project/card_a/uart_tx_constant/uart_tx_constant.vhd
    Info (12022): Found design unit 1: Uart_tx_Constant-ab File: C:/Final_Project/The_Final_Project/Card_A/Uart_tx_Constant/Uart_tx_Constant.vhd Line: 15
    Info (12023): Found entity 1: Uart_tx_Constant File: C:/Final_Project/The_Final_Project/Card_A/Uart_tx_Constant/Uart_tx_Constant.vhd Line: 6
Info (12021): Found 2 design units, including 1 entities, in source file /final_project/the_final_project/card_a/uart_rx/uart_rx.vhdl
    Info (12022): Found design unit 1: Uart_rx-ab File: C:/Final_Project/The_Final_Project/Card_A/Uart_rx/Uart_rx.vhdl Line: 18
    Info (12023): Found entity 1: Uart_rx File: C:/Final_Project/The_Final_Project/Card_A/Uart_rx/Uart_rx.vhdl Line: 6
Info (12021): Found 1 design units, including 1 entities, in source file /final_project/the_final_project/card_a/ram2_x/ram2_x.v
    Info (12023): Found entity 1: Ram2_X File: C:/Final_Project/The_Final_Project/Card_A/Ram2_X/Ram2_X.v Line: 40
Info (12021): Found 2 design units, including 1 entities, in source file /final_project/the_final_project/card_a/biphase_tx/biphase_tx.vhdl
    Info (12022): Found design unit 1: BiPhase_tx-ab File: C:/Final_Project/The_Final_Project/Card_A/BiPhase_tx/BiPhase_tx.vhdl Line: 22
    Info (12023): Found entity 1: BiPhase_tx File: C:/Final_Project/The_Final_Project/Card_A/BiPhase_tx/BiPhase_tx.vhdl Line: 6
Info (12021): Found 2 design units, including 1 entities, in source file /final_project/the_final_project/card_b/card_b_design/card_b_design.vhdl
    Info (12022): Found design unit 1: Card_B_Design-ab File: C:/Final_Project/The_Final_Project/Card_B/Card_B_Design/Card_B_Design.vhdl Line: 19
    Info (12023): Found entity 1: Card_B_Design File: C:/Final_Project/The_Final_Project/Card_B/Card_B_Design/Card_B_Design.vhdl Line: 6
Info (12021): Found 2 design units, including 1 entities, in source file /final_project/the_final_project/card_a/card_a_design_python/card_a_design_python.vhdl
    Info (12022): Found design unit 1: Card_A_Design_Python-ab File: C:/Final_Project/The_Final_Project/Card_A/Card_A_Design_Python/Card_A_Design_Python.vhdl Line: 20
    Info (12023): Found entity 1: Card_A_Design_Python File: C:/Final_Project/The_Final_Project/Card_A/Card_A_Design_Python/Card_A_Design_Python.vhdl Line: 6
Info (12021): Found 2 design units, including 1 entities, in source file top_design.vhdl
    Info (12022): Found design unit 1: Top_Design-ab File: C:/Final_Project/The_Final_Project/Tools/Top_Design/Top_Design.vhdl Line: 22
    Info (12023): Found entity 1: Top_Design File: C:/Final_Project/The_Final_Project/Tools/Top_Design/Top_Design.vhdl Line: 6
Info (12127): Elaborating entity "Top_Design" for the top level hierarchy
Info (12128): Elaborating entity "Card_A_Design_Python" for hierarchy "Card_A_Design_Python:Card_A" File: C:/Final_Project/The_Final_Project/Tools/Top_Design/Top_Design.vhdl Line: 65
Info (12128): Elaborating entity "BiPhase_tx" for hierarchy "Card_A_Design_Python:Card_A|BiPhase_tx:biphase" File: C:/Final_Project/The_Final_Project/Card_A/Card_A_Design_Python/Card_A_Design_Python.vhdl Line: 92
Info (12128): Elaborating entity "Uart_tx_Constant" for hierarchy "Card_A_Design_Python:Card_A|Uart_tx_Constant:tx" File: C:/Final_Project/The_Final_Project/Card_A/Card_A_Design_Python/Card_A_Design_Python.vhdl Line: 108
Info (12128): Elaborating entity "Uart_rx" for hierarchy "Card_A_Design_Python:Card_A|Uart_rx:rx" File: C:/Final_Project/The_Final_Project/Card_A/Card_A_Design_Python/Card_A_Design_Python.vhdl Line: 117
Info (12128): Elaborating entity "Ram2_X" for hierarchy "Card_A_Design_Python:Card_A|Ram2_X:memory" File: C:/Final_Project/The_Final_Project/Card_A/Card_A_Design_Python/Card_A_Design_Python.vhdl Line: 130
Info (12128): Elaborating entity "altsyncram" for hierarchy "Card_A_Design_Python:Card_A|Ram2_X:memory|altsyncram:altsyncram_component" File: C:/Final_Project/The_Final_Project/Card_A/Ram2_X/Ram2_X.v Line: 92
Info (12130): Elaborated megafunction instantiation "Card_A_Design_Python:Card_A|Ram2_X:memory|altsyncram:altsyncram_component" File: C:/Final_Project/The_Final_Project/Card_A/Ram2_X/Ram2_X.v Line: 92
Info (12133): Instantiated megafunction "Card_A_Design_Python:Card_A|Ram2_X:memory|altsyncram:altsyncram_component" with the following parameter: File: C:/Final_Project/The_Final_Project/Card_A/Ram2_X/Ram2_X.v Line: 92
    Info (12134): Parameter "address_aclr_b" = "NONE"
    Info (12134): Parameter "address_reg_b" = "CLOCK0"
    Info (12134): Parameter "clock_enable_input_a" = "BYPASS"
    Info (12134): Parameter "clock_enable_input_b" = "BYPASS"
    Info (12134): Parameter "clock_enable_output_b" = "BYPASS"
    Info (12134): Parameter "init_file" = "Ram2_X_data.mif"
    Info (12134): Parameter "intended_device_family" = "MAX 10"
    Info (12134): Parameter "lpm_type" = "altsyncram"
    Info (12134): Parameter "numwords_a" = "64"
    Info (12134): Parameter "numwords_b" = "64"
    Info (12134): Parameter "operation_mode" = "DUAL_PORT"
    Info (12134): Parameter "outdata_aclr_b" = "NONE"
    Info (12134): Parameter "outdata_reg_b" = "CLOCK0"
    Info (12134): Parameter "power_up_uninitialized" = "FALSE"
    Info (12134): Parameter "rdcontrol_reg_b" = "CLOCK0"
    Info (12134): Parameter "read_during_write_mode_mixed_ports" = "DONT_CARE"
    Info (12134): Parameter "widthad_a" = "6"
    Info (12134): Parameter "widthad_b" = "6"
    Info (12134): Parameter "width_a" = "8"
    Info (12134): Parameter "width_b" = "8"
    Info (12134): Parameter "width_byteena_a" = "1"
Info (12021): Found 1 design units, including 1 entities, in source file db/altsyncram_64s1.tdf
    Info (12023): Found entity 1: altsyncram_64s1 File: C:/Final_Project/The_Final_Project/Tools/Top_Design/db/altsyncram_64s1.tdf Line: 28
Info (12128): Elaborating entity "altsyncram_64s1" for hierarchy "Card_A_Design_Python:Card_A|Ram2_X:memory|altsyncram:altsyncram_component|altsyncram_64s1:auto_generated" File: c:/final_project/quartus/libraries/megafunctions/altsyncram.tdf Line: 792
Info (12128): Elaborating entity "Card_B_Design" for hierarchy "Card_B_Design:Card_B" File: C:/Final_Project/The_Final_Project/Tools/Top_Design/Top_Design.vhdl Line: 74
Info (12128): Elaborating entity "BS_Filter" for hierarchy "Card_B_Design:Card_B|BS_Filter:Filter" File: C:/Final_Project/The_Final_Project/Card_B/Card_B_Design/Card_B_Design.vhdl Line: 133
Info (12128): Elaborating entity "Simple_BS" for hierarchy "Card_B_Design:Card_B|Simple_BS:Simple" File: C:/Final_Project/The_Final_Project/Card_B/Card_B_Design/Card_B_Design.vhdl Line: 141
Info (12128): Elaborating entity "CRC8BIT" for hierarchy "Card_B_Design:Card_B|CRC8BIT:CRC8" File: C:/Final_Project/The_Final_Project/Card_B/Card_B_Design/Card_B_Design.vhdl Line: 150
Info (12128): Elaborating entity "Data_Orgenizer" for hierarchy "Card_B_Design:Card_B|Data_Orgenizer:DO" File: C:/Final_Project/The_Final_Project/Card_B/Card_B_Design/Card_B_Design.vhdl Line: 160
Info (12128): Elaborating entity "RGB" for hierarchy "Card_B_Design:Card_B|RGB:RGB_Leds" File: C:/Final_Project/The_Final_Project/Card_B/Card_B_Design/Card_B_Design.vhdl Line: 174
Info (13000): Registers with preset signals will power-up high File: C:/Final_Project/The_Final_Project/Card_A/Uart_tx_Constant/Uart_tx_Constant.vhd Line: 75
Info (13003): DEV_CLRn pin will set, and not reset, register with preset signal due to NOT Gate Push-Back
Info (286030): Timing-Driven Synthesis is running
Info (17049): 3 registers lost all their fanouts during netlist optimizations.
Info (16010): Generating hard_block partition "hard_block:auto_generated_inst"
    Info (16011): Adding 0 node(s), including 0 DDIO, 0 PLL, 0 transceiver and 0 LCELL
Info (21057): Implemented 1217 device resources after synthesis - the final resource count might be different
    Info (21058): Implemented 4 input pins
    Info (21059): Implemented 6 output pins
    Info (21061): Implemented 1199 logic cells
    Info (21064): Implemented 8 RAM segments
Info: Quartus Prime Analysis & Synthesis was successful. 0 errors, 0 warnings
    Info: Peak virtual memory: 4806 megabytes
    Info: Processing ended: Thu Oct 19 19:17:32 2023
    Info: Elapsed time: 00:00:08
    Info: Total CPU time (on all processors): 00:00:14


