Analysis & Synthesis report for RGB
Sun Aug 13 16:26:40 2023
Quartus Prime Version 22.1std.0 Build 915 10/25/2022 SC Lite Edition


---------------------
; Table of Contents ;
---------------------
  1. Legal Notice
  2. Analysis & Synthesis Summary
  3. Analysis & Synthesis Settings
  4. Parallel Compilation
  5. Analysis & Synthesis Source Files Read
  6. Analysis & Synthesis Resource Usage Summary
  7. Analysis & Synthesis Resource Utilization by Entity
  8. State Machine - |RGB|state_leds
  9. Registers Removed During Synthesis
 10. General Register Statistics
 11. Multiplexer Restructuring Statistics (Restructuring Performed)
 12. Post-Synthesis Netlist Statistics for Top Partition
 13. Elapsed Time Per Partition
 14. Analysis & Synthesis Messages



----------------
; Legal Notice ;
----------------
Copyright (C) 2022  Intel Corporation. All rights reserved.
Your use of Intel Corporation's design tools, logic functions 
and other software and tools, and any partner logic 
functions, and any output files from any of the foregoing 
(including device programming or simulation files), and any 
associated documentation or information are expressly subject 
to the terms and conditions of the Intel Program License 
Subscription Agreement, the Intel Quartus Prime License Agreement,
the Intel FPGA IP License Agreement, or other applicable license
agreement, including, without limitation, that your use is for
the sole purpose of programming logic devices manufactured by
Intel and sold by Intel or its authorized distributors.  Please
refer to the applicable agreement for further details, at
https://fpgasoftware.intel.com/eula.



+-------------------------------------------------------------------------------------+
; Analysis & Synthesis Summary                                                        ;
+------------------------------------+------------------------------------------------+
; Analysis & Synthesis Status        ; Successful - Sun Aug 13 16:26:40 2023          ;
; Quartus Prime Version              ; 22.1std.0 Build 915 10/25/2022 SC Lite Edition ;
; Revision Name                      ; RGB                                            ;
; Top-level Entity Name              ; RGB                                            ;
; Family                             ; MAX 10                                         ;
; Total logic elements               ; 434                                            ;
;     Total combinational functions  ; 428                                            ;
;     Dedicated logic registers      ; 325                                            ;
; Total registers                    ; 325                                            ;
; Total pins                         ; 111                                            ;
; Total virtual pins                 ; 0                                              ;
; Total memory bits                  ; 0                                              ;
; Embedded Multiplier 9-bit elements ; 0                                              ;
; Total PLLs                         ; 0                                              ;
; UFM blocks                         ; 0                                              ;
; ADC blocks                         ; 0                                              ;
+------------------------------------+------------------------------------------------+


+------------------------------------------------------------------------------------------------------------+
; Analysis & Synthesis Settings                                                                              ;
+------------------------------------------------------------------+--------------------+--------------------+
; Option                                                           ; Setting            ; Default Value      ;
+------------------------------------------------------------------+--------------------+--------------------+
; Device                                                           ; 10M50DAF484C7G     ;                    ;
; Top-level entity name                                            ; RGB                ; RGB                ;
; Family name                                                      ; MAX 10             ; Cyclone V          ;
; Maximum processors allowed for parallel compilation              ; 4                  ;                    ;
; Use smart compilation                                            ; Off                ; Off                ;
; Enable parallel Assembler and Timing Analyzer during compilation ; On                 ; On                 ;
; Enable compact report table                                      ; Off                ; Off                ;
; Restructure Multiplexers                                         ; Auto               ; Auto               ;
; Create Debugging Nodes for IP Cores                              ; Off                ; Off                ;
; Preserve fewer node names                                        ; On                 ; On                 ;
; Intel FPGA IP Evaluation Mode                                    ; Enable             ; Enable             ;
; Verilog Version                                                  ; Verilog_2001       ; Verilog_2001       ;
; VHDL Version                                                     ; VHDL_1993          ; VHDL_1993          ;
; State Machine Processing                                         ; Auto               ; Auto               ;
; Safe State Machine                                               ; Off                ; Off                ;
; Extract Verilog State Machines                                   ; On                 ; On                 ;
; Extract VHDL State Machines                                      ; On                 ; On                 ;
; Ignore Verilog initial constructs                                ; Off                ; Off                ;
; Iteration limit for constant Verilog loops                       ; 5000               ; 5000               ;
; Iteration limit for non-constant Verilog loops                   ; 250                ; 250                ;
; Add Pass-Through Logic to Inferred RAMs                          ; On                 ; On                 ;
; Infer RAMs from Raw Logic                                        ; On                 ; On                 ;
; Parallel Synthesis                                               ; On                 ; On                 ;
; DSP Block Balancing                                              ; Auto               ; Auto               ;
; NOT Gate Push-Back                                               ; On                 ; On                 ;
; Power-Up Don't Care                                              ; On                 ; On                 ;
; Remove Redundant Logic Cells                                     ; Off                ; Off                ;
; Remove Duplicate Registers                                       ; On                 ; On                 ;
; Ignore CARRY Buffers                                             ; Off                ; Off                ;
; Ignore CASCADE Buffers                                           ; Off                ; Off                ;
; Ignore GLOBAL Buffers                                            ; Off                ; Off                ;
; Ignore ROW GLOBAL Buffers                                        ; Off                ; Off                ;
; Ignore LCELL Buffers                                             ; Off                ; Off                ;
; Ignore SOFT Buffers                                              ; On                 ; On                 ;
; Limit AHDL Integers to 32 Bits                                   ; Off                ; Off                ;
; Optimization Technique                                           ; Balanced           ; Balanced           ;
; Carry Chain Length                                               ; 70                 ; 70                 ;
; Auto Carry Chains                                                ; On                 ; On                 ;
; Auto Open-Drain Pins                                             ; On                 ; On                 ;
; Perform WYSIWYG Primitive Resynthesis                            ; Off                ; Off                ;
; Auto ROM Replacement                                             ; On                 ; On                 ;
; Auto RAM Replacement                                             ; On                 ; On                 ;
; Auto DSP Block Replacement                                       ; On                 ; On                 ;
; Auto Shift Register Replacement                                  ; Auto               ; Auto               ;
; Allow Shift Register Merging across Hierarchies                  ; Auto               ; Auto               ;
; Auto Clock Enable Replacement                                    ; On                 ; On                 ;
; Strict RAM Replacement                                           ; Off                ; Off                ;
; Allow Synchronous Control Signals                                ; On                 ; On                 ;
; Force Use of Synchronous Clear Signals                           ; Off                ; Off                ;
; Auto RAM Block Balancing                                         ; On                 ; On                 ;
; Auto RAM to Logic Cell Conversion                                ; Off                ; Off                ;
; Auto Resource Sharing                                            ; Off                ; Off                ;
; Allow Any RAM Size For Recognition                               ; Off                ; Off                ;
; Allow Any ROM Size For Recognition                               ; Off                ; Off                ;
; Allow Any Shift Register Size For Recognition                    ; Off                ; Off                ;
; Use LogicLock Constraints during Resource Balancing              ; On                 ; On                 ;
; Ignore translate_off and synthesis_off directives                ; Off                ; Off                ;
; Timing-Driven Synthesis                                          ; On                 ; On                 ;
; Report Parameter Settings                                        ; On                 ; On                 ;
; Report Source Assignments                                        ; On                 ; On                 ;
; Report Connectivity Checks                                       ; On                 ; On                 ;
; Ignore Maximum Fan-Out Assignments                               ; Off                ; Off                ;
; Synchronization Register Chain Length                            ; 2                  ; 2                  ;
; Power Optimization During Synthesis                              ; Normal compilation ; Normal compilation ;
; HDL message level                                                ; Level2             ; Level2             ;
; Suppress Register Optimization Related Messages                  ; Off                ; Off                ;
; Number of Removed Registers Reported in Synthesis Report         ; 5000               ; 5000               ;
; Number of Swept Nodes Reported in Synthesis Report               ; 5000               ; 5000               ;
; Number of Inverted Registers Reported in Synthesis Report        ; 100                ; 100                ;
; Clock MUX Protection                                             ; On                 ; On                 ;
; Auto Gated Clock Conversion                                      ; Off                ; Off                ;
; Block Design Naming                                              ; Auto               ; Auto               ;
; SDC constraint protection                                        ; Off                ; Off                ;
; Synthesis Effort                                                 ; Auto               ; Auto               ;
; Shift Register Replacement - Allow Asynchronous Clear Signal     ; On                 ; On                 ;
; Pre-Mapping Resynthesis Optimization                             ; Off                ; Off                ;
; Analysis & Synthesis Message Level                               ; Medium             ; Medium             ;
; Disable Register Merging Across Hierarchies                      ; Auto               ; Auto               ;
; Resource Aware Inference For Block RAM                           ; On                 ; On                 ;
+------------------------------------------------------------------+--------------------+--------------------+


+------------------------------------------+
; Parallel Compilation                     ;
+----------------------------+-------------+
; Processors                 ; Number      ;
+----------------------------+-------------+
; Number detected on machine ; 12          ;
; Maximum allowed            ; 4           ;
;                            ;             ;
; Average used               ; 1.00        ;
; Maximum used               ; 4           ;
;                            ;             ;
; Usage by Processor         ; % Time Used ;
;     Processor 1            ; 100.0%      ;
;     Processors 2-4         ;   0.0%      ;
+----------------------------+-------------+


+-----------------------------------------------------------------------------------------------------------------------------------------+
; Analysis & Synthesis Source Files Read                                                                                                  ;
+----------------------------------+-----------------+-----------------+--------------------------------------------------------+---------+
; File Name with User-Entered Path ; Used in Netlist ; File Type       ; File Name with Absolute Path                           ; Library ;
+----------------------------------+-----------------+-----------------+--------------------------------------------------------+---------+
; RGB.vhdl                         ; yes             ; User VHDL File  ; C:/Final_Project/The_Final_Project/Card_B/RGB/RGB.vhdl ;         ;
+----------------------------------+-----------------+-----------------+--------------------------------------------------------+---------+


+------------------------------------------------------------+
; Analysis & Synthesis Resource Usage Summary                ;
+---------------------------------------------+--------------+
; Resource                                    ; Usage        ;
+---------------------------------------------+--------------+
; Estimated Total logic elements              ; 434          ;
;                                             ;              ;
; Total combinational functions               ; 428          ;
; Logic element usage by number of LUT inputs ;              ;
;     -- 4 input functions                    ; 86           ;
;     -- 3 input functions                    ; 110          ;
;     -- <=2 input functions                  ; 232          ;
;                                             ;              ;
; Logic elements by mode                      ;              ;
;     -- normal mode                          ; 216          ;
;     -- arithmetic mode                      ; 212          ;
;                                             ;              ;
; Total registers                             ; 325          ;
;     -- Dedicated logic registers            ; 325          ;
;     -- I/O registers                        ; 0            ;
;                                             ;              ;
; I/O pins                                    ; 111          ;
;                                             ;              ;
; Embedded Multiplier 9-bit elements          ; 0            ;
;                                             ;              ;
; Maximum fan-out node                        ; sysclk~input ;
; Maximum fan-out                             ; 325          ;
; Total fan-out                               ; 2536         ;
; Average fan-out                             ; 2.60         ;
+---------------------------------------------+--------------+


+------------------------------------------------------------------------------------------------------------------------------------------------------------------------------------------------------------------------------------+
; Analysis & Synthesis Resource Utilization by Entity                                                                                                                                                                                ;
+----------------------------+---------------------+---------------------------+-------------+------------+--------------+---------+-----------+------+--------------+------------+---------------------+-------------+--------------+
; Compilation Hierarchy Node ; Combinational ALUTs ; Dedicated Logic Registers ; Memory Bits ; UFM Blocks ; DSP Elements ; DSP 9x9 ; DSP 18x18 ; Pins ; Virtual Pins ; ADC blocks ; Full Hierarchy Name ; Entity Name ; Library Name ;
+----------------------------+---------------------+---------------------------+-------------+------------+--------------+---------+-----------+------+--------------+------------+---------------------+-------------+--------------+
; |RGB                       ; 428 (428)           ; 325 (325)                 ; 0           ; 0          ; 0            ; 0       ; 0         ; 111  ; 0            ; 0          ; |RGB                ; RGB         ; work         ;
+----------------------------+---------------------+---------------------------+-------------+------------+--------------+---------+-----------+------+--------------+------------+---------------------+-------------+--------------+
Note: For table entries with two numbers listed, the numbers in parentheses indicate the number of resources of the given type used by the specific entity alone. The numbers listed outside of parentheses indicate the total resources of the given type used by the specific entity and all of its sub-entities in the hierarchy.


Encoding Type:  One-Hot
+-------------------------------------------------------------------------------------------------------------------------------------------------------------------------------------------------+
; State Machine - |RGB|state_leds                                                                                                                                                                 ;
+----------------+---------------+---------------+---------------+---------------+----------------+---------------+---------------+---------------+---------------+---------------+---------------+
; Name           ; state_leds.s9 ; state_leds.s8 ; state_leds.s7 ; state_leds.s6 ; state_leds.s5a ; state_leds.s5 ; state_leds.s4 ; state_leds.s3 ; state_leds.s2 ; state_leds.s1 ; state_leds.s0 ;
+----------------+---------------+---------------+---------------+---------------+----------------+---------------+---------------+---------------+---------------+---------------+---------------+
; state_leds.s0  ; 0             ; 0             ; 0             ; 0             ; 0              ; 0             ; 0             ; 0             ; 0             ; 0             ; 0             ;
; state_leds.s1  ; 0             ; 0             ; 0             ; 0             ; 0              ; 0             ; 0             ; 0             ; 0             ; 1             ; 1             ;
; state_leds.s2  ; 0             ; 0             ; 0             ; 0             ; 0              ; 0             ; 0             ; 0             ; 1             ; 0             ; 1             ;
; state_leds.s3  ; 0             ; 0             ; 0             ; 0             ; 0              ; 0             ; 0             ; 1             ; 0             ; 0             ; 1             ;
; state_leds.s4  ; 0             ; 0             ; 0             ; 0             ; 0              ; 0             ; 1             ; 0             ; 0             ; 0             ; 1             ;
; state_leds.s5  ; 0             ; 0             ; 0             ; 0             ; 0              ; 1             ; 0             ; 0             ; 0             ; 0             ; 1             ;
; state_leds.s5a ; 0             ; 0             ; 0             ; 0             ; 1              ; 0             ; 0             ; 0             ; 0             ; 0             ; 1             ;
; state_leds.s6  ; 0             ; 0             ; 0             ; 1             ; 0              ; 0             ; 0             ; 0             ; 0             ; 0             ; 1             ;
; state_leds.s7  ; 0             ; 0             ; 1             ; 0             ; 0              ; 0             ; 0             ; 0             ; 0             ; 0             ; 1             ;
; state_leds.s8  ; 0             ; 1             ; 0             ; 0             ; 0              ; 0             ; 0             ; 0             ; 0             ; 0             ; 1             ;
; state_leds.s9  ; 1             ; 0             ; 0             ; 0             ; 0              ; 0             ; 0             ; 0             ; 0             ; 0             ; 1             ;
+----------------+---------------+---------------+---------------+---------------+----------------+---------------+---------------+---------------+---------------+---------------+---------------+


+------------------------------------------------------------+
; Registers Removed During Synthesis                         ;
+---------------------------------------+--------------------+
; Register name                         ; Reason for Removal ;
+---------------------------------------+--------------------+
; state_leds.s5a                        ; Lost fanout        ;
; state_leds.s8                         ; Lost fanout        ;
; state_leds.s9                         ; Lost fanout        ;
; Total Number of Removed Registers = 3 ;                    ;
+---------------------------------------+--------------------+


+------------------------------------------------------+
; General Register Statistics                          ;
+----------------------------------------------+-------+
; Statistic                                    ; Value ;
+----------------------------------------------+-------+
; Total registers                              ; 325   ;
; Number of registers using Synchronous Clear  ; 0     ;
; Number of registers using Synchronous Load   ; 0     ;
; Number of registers using Asynchronous Clear ; 320   ;
; Number of registers using Asynchronous Load  ; 0     ;
; Number of registers using Clock Enable       ; 316   ;
; Number of registers using Preset             ; 0     ;
+----------------------------------------------+-------+


+------------------------------------------------------------------------------------------------------------------------------------------+
; Multiplexer Restructuring Statistics (Restructuring Performed)                                                                           ;
+--------------------+-----------+---------------+----------------------+------------------------+------------+----------------------------+
; Multiplexer Inputs ; Bus Width ; Baseline Area ; Area if Restructured ; Saving if Restructured ; Registered ; Example Multiplexer Output ;
+--------------------+-----------+---------------+----------------------+------------------------+------------+----------------------------+
; 3:1                ; 100 bits  ; 200 LEs       ; 100 LEs              ; 100 LEs                ; Yes        ; |RGB|sig_cnt[10]           ;
; 4:1                ; 95 bits   ; 190 LEs       ; 95 LEs               ; 95 LEs                 ; Yes        ; |RGB|sig_shift_led_rgb[94] ;
; 8:1                ; 5 bits    ; 25 LEs        ; 15 LEs               ; 10 LEs                 ; No         ; |RGB|Selector3             ;
; 8:1                ; 2 bits    ; 10 LEs        ; 4 LEs                ; 6 LEs                  ; No         ; |RGB|Selector8             ;
+--------------------+-----------+---------------+----------------------+------------------------+------------+----------------------------+


+-----------------------------------------------------+
; Post-Synthesis Netlist Statistics for Top Partition ;
+-----------------------+-----------------------------+
; Type                  ; Count                       ;
+-----------------------+-----------------------------+
; boundary_port         ; 111                         ;
; cycloneiii_ff         ; 325                         ;
;     CLR               ; 8                           ;
;     ENA               ; 4                           ;
;     ENA CLR           ; 312                         ;
;     plain             ; 1                           ;
; cycloneiii_lcell_comb ; 428                         ;
;     arith             ; 212                         ;
;         2 data inputs ; 212                         ;
;     normal            ; 216                         ;
;         1 data inputs ; 3                           ;
;         2 data inputs ; 17                          ;
;         3 data inputs ; 110                         ;
;         4 data inputs ; 86                          ;
;                       ;                             ;
; Max LUT depth         ; 11.90                       ;
; Average LUT depth     ; 6.04                        ;
+-----------------------+-----------------------------+


+-------------------------------+
; Elapsed Time Per Partition    ;
+----------------+--------------+
; Partition Name ; Elapsed Time ;
+----------------+--------------+
; Top            ; 00:00:00     ;
+----------------+--------------+


+-------------------------------+
; Analysis & Synthesis Messages ;
+-------------------------------+
Info: *******************************************************************
Info: Running Quartus Prime Analysis & Synthesis
    Info: Version 22.1std.0 Build 915 10/25/2022 SC Lite Edition
    Info: Processing started: Sun Aug 13 16:26:33 2023
Info: Command: quartus_map --read_settings_files=on --write_settings_files=off RGB -c RGB
Info (20032): Parallel compilation is enabled and will use up to 4 processors
Info (12021): Found 2 design units, including 1 entities, in source file rgb.vhdl
    Info (12022): Found design unit 1: RGB-ab File: C:/Final_Project/The_Final_Project/Card_B/RGB/RGB.vhdl Line: 20
    Info (12023): Found entity 1: RGB File: C:/Final_Project/The_Final_Project/Card_B/RGB/RGB.vhdl Line: 6
Info (12127): Elaborating entity "RGB" for the top level hierarchy
Info (286030): Timing-Driven Synthesis is running
Info (17049): 3 registers lost all their fanouts during netlist optimizations.
Info (16010): Generating hard_block partition "hard_block:auto_generated_inst"
    Info (16011): Adding 0 node(s), including 0 DDIO, 0 PLL, 0 transceiver and 0 LCELL
Warning (21074): Design contains 5 input pin(s) that do not drive logic
    Warning (15610): No output dependent on input pin "green_leds[3]" File: C:/Final_Project/The_Final_Project/Card_B/RGB/RGB.vhdl Line: 11
    Warning (15610): No output dependent on input pin "green_leds[4]" File: C:/Final_Project/The_Final_Project/Card_B/RGB/RGB.vhdl Line: 11
    Warning (15610): No output dependent on input pin "green_leds[5]" File: C:/Final_Project/The_Final_Project/Card_B/RGB/RGB.vhdl Line: 11
    Warning (15610): No output dependent on input pin "green_leds[6]" File: C:/Final_Project/The_Final_Project/Card_B/RGB/RGB.vhdl Line: 11
    Warning (15610): No output dependent on input pin "green_leds[7]" File: C:/Final_Project/The_Final_Project/Card_B/RGB/RGB.vhdl Line: 11
Info (21057): Implemented 553 device resources after synthesis - the final resource count might be different
    Info (21058): Implemented 107 input pins
    Info (21059): Implemented 4 output pins
    Info (21061): Implemented 442 logic cells
Info: Quartus Prime Analysis & Synthesis was successful. 0 errors, 6 warnings
    Info: Peak virtual memory: 4792 megabytes
    Info: Processing ended: Sun Aug 13 16:26:40 2023
    Info: Elapsed time: 00:00:07
    Info: Total CPU time (on all processors): 00:00:14


