Flow report for Data_Orgenizer
Thu Oct 19 19:16:26 2023
Quartus Prime Version 22.1std.0 Build 915 10/25/2022 SC Lite Edition


---------------------
; Table of Contents ;
---------------------
  1. Legal Notice
  2. Flow Summary
  3. Flow Settings
  4. Flow Non-Default Global Settings
  5. Flow Elapsed Time
  6. Flow OS Summary
  7. Flow Log
  8. Flow Messages
  9. Flow Suppressed Messages



----------------
; Legal Notice ;
----------------
Copyright (C) 2022  Intel Corporation. All rights reserved.
Your use of Intel Corporation's design tools, logic functions 
and other software and tools, and any partner logic 
functions, and any output files from any of the foregoing 
(including device programming or simulation files), and any 
associated documentation or information are expressly subject 
to the terms and conditions of the Intel Program License 
Subscription Agreement, the Intel Quartus Prime License Agreement,
the Intel FPGA IP License Agreement, or other applicable license
agreement, including, without limitation, that your use is for
the sole purpose of programming logic devices manufactured by
Intel and sold by Intel or its authorized distributors.  Please
refer to the applicable agreement for further details, at
https://fpgasoftware.intel.com/eula.



+-------------------------------------------------------------------------------------+
; Flow Summary                                                                        ;
+------------------------------------+------------------------------------------------+
; Flow Status                        ; Successful - Thu Oct 19 19:16:26 2023          ;
; Quartus Prime Version              ; 22.1std.0 Build 915 10/25/2022 SC Lite Edition ;
; Revision Name                      ; Data_Orgenizer                                 ;
; Top-level Entity Name              ; Data_Orgenizer                                 ;
; Family                             ; MAX 10                                         ;
; Device                             ; 10M50DAF484C7G                                 ;
; Timing Models                      ; Final                                          ;
; Total logic elements               ; 396 / 49,760 ( < 1 % )                         ;
;     Total combinational functions  ; 167 / 49,760 ( < 1 % )                         ;
;     Dedicated logic registers      ; 348 / 49,760 ( < 1 % )                         ;
; Total registers                    ; 348                                            ;
; Total pins                         ; 110 / 360 ( 31 % )                             ;
; Total virtual pins                 ; 0                                              ;
; Total memory bits                  ; 0 / 1,677,312 ( 0 % )                          ;
; Embedded Multiplier 9-bit elements ; 0 / 288 ( 0 % )                                ;
; Total PLLs                         ; 0 / 4 ( 0 % )                                  ;
; UFM blocks                         ; 0 / 1 ( 0 % )                                  ;
; ADC blocks                         ; 0 / 2 ( 0 % )                                  ;
+------------------------------------+------------------------------------------------+


+-----------------------------------------+
; Flow Settings                           ;
+-------------------+---------------------+
; Option            ; Setting             ;
+-------------------+---------------------+
; Start date & time ; 10/19/2023 19:15:58 ;
; Main task         ; Compilation         ;
; Revision Name     ; Data_Orgenizer      ;
+-------------------+---------------------+


+-----------------------------------------------------------------------------------------------------------------------------------------------+
; Flow Non-Default Global Settings                                                                                                              ;
+-------------------------------------+----------------------------------------------------------+---------------+-------------+----------------+
; Assignment Name                     ; Value                                                    ; Default Value ; Entity Name ; Section Id     ;
+-------------------------------------+----------------------------------------------------------+---------------+-------------+----------------+
; COMPILER_SIGNATURE_ID               ; 130071501961069.169773215811640                          ; --            ; --          ; --             ;
; EDA_NETLIST_WRITER_OUTPUT_DIR       ; C:/Final_Project/The_Final_Project/Card_B/Data_Orgenizer ; --            ; --          ; eda_simulation ;
; EDA_OUTPUT_DATA_FORMAT              ; Vhdl                                                     ; --            ; --          ; eda_simulation ;
; EDA_SIMULATION_TOOL                 ; Questa Intel FPGA (VHDL)                                 ; <None>        ; --          ; --             ;
; EDA_TIME_SCALE                      ; 1 ps                                                     ; --            ; --          ; eda_simulation ;
; MAX_CORE_JUNCTION_TEMP              ; 85                                                       ; --            ; --          ; --             ;
; MIN_CORE_JUNCTION_TEMP              ; 0                                                        ; --            ; --          ; --             ;
; NUM_PARALLEL_PROCESSORS             ; 4                                                        ; --            ; --          ; --             ;
; PARTITION_COLOR                     ; -- (Not supported for targeted family)                   ; --            ; --          ; Top            ;
; PARTITION_FITTER_PRESERVATION_LEVEL ; -- (Not supported for targeted family)                   ; --            ; --          ; Top            ;
; PARTITION_NETLIST_TYPE              ; -- (Not supported for targeted family)                   ; --            ; --          ; Top            ;
; POWER_BOARD_THERMAL_MODEL           ; None (CONSERVATIVE)                                      ; --            ; --          ; --             ;
; POWER_PRESET_COOLING_SOLUTION       ; 23 MM HEAT SINK WITH 200 LFPM AIRFLOW                    ; --            ; --          ; --             ;
; PROJECT_OUTPUT_DIRECTORY            ; output_files                                             ; --            ; --          ; --             ;
+-------------------------------------+----------------------------------------------------------+---------------+-------------+----------------+


+--------------------------------------------------------------------------------------------------------------------------+
; Flow Elapsed Time                                                                                                        ;
+----------------------+--------------+-------------------------+---------------------+------------------------------------+
; Module Name          ; Elapsed Time ; Average Processors Used ; Peak Virtual Memory ; Total CPU Time (on all processors) ;
+----------------------+--------------+-------------------------+---------------------+------------------------------------+
; Analysis & Synthesis ; 00:00:07     ; 1.0                     ; 4798 MB             ; 00:00:14                           ;
; Fitter               ; 00:00:13     ; 1.0                     ; 5647 MB             ; 00:00:13                           ;
; Assembler            ; 00:00:02     ; 1.0                     ; 4716 MB             ; 00:00:02                           ;
; Timing Analyzer      ; 00:00:03     ; 1.1                     ; 4840 MB             ; 00:00:02                           ;
; EDA Netlist Writer   ; 00:00:01     ; 1.0                     ; 4648 MB             ; 00:00:00                           ;
; Total                ; 00:00:26     ; --                      ; --                  ; 00:00:31                           ;
+----------------------+--------------+-------------------------+---------------------+------------------------------------+


+------------------------------------------------------------------------------------+
; Flow OS Summary                                                                    ;
+----------------------+------------------+------------+------------+----------------+
; Module Name          ; Machine Hostname ; OS Name    ; OS Version ; Processor type ;
+----------------------+------------------+------------+------------+----------------+
; Analysis & Synthesis ; DESKTOP-GFOBHGS  ; Windows 10 ; 10.0       ; x86_64         ;
; Fitter               ; DESKTOP-GFOBHGS  ; Windows 10 ; 10.0       ; x86_64         ;
; Assembler            ; DESKTOP-GFOBHGS  ; Windows 10 ; 10.0       ; x86_64         ;
; Timing Analyzer      ; DESKTOP-GFOBHGS  ; Windows 10 ; 10.0       ; x86_64         ;
; EDA Netlist Writer   ; DESKTOP-GFOBHGS  ; Windows 10 ; 10.0       ; x86_64         ;
+----------------------+------------------+------------+------------+----------------+


------------
; Flow Log ;
------------
quartus_map --read_settings_files=on --write_settings_files=off Data_Orgenizer -c Data_Orgenizer
quartus_fit --read_settings_files=off --write_settings_files=off Data_Orgenizer -c Data_Orgenizer
quartus_asm --read_settings_files=off --write_settings_files=off Data_Orgenizer -c Data_Orgenizer
quartus_sta Data_Orgenizer -c Data_Orgenizer
quartus_eda --read_settings_files=off --write_settings_files=off Data_Orgenizer -c Data_Orgenizer



